◇ injected env (0) from .env.local // tip: ⌘ suppress logs { quiet: true }
◇ injected env (4) from .env // tip: ⌘ multiple files { path: ['.env.local', '.env'] }
◇ injected env (0) from .env.local // tip: ⌘ multiple files { path: ['.env.local', '.env'] }
◇ injected env (0) from .env // tip: ⌘ suppress logs { quiet: true }
(node:99568) Warning: SECURITY WARNING: The SSL modes 'prefer', 'require', and 'verify-ca' are treated as aliases for 'verify-full'.
In the next major version (pg-connection-string v3.0.0 and pg v9.0.0), these modes will adopt standard libpq semantics, which have weaker security guarantees.

To prepare for this change:
- If you want the current behavior, explicitly use 'sslmode=verify-full'
- If you want libpq compatibility now, use 'uselibpqcompat=true&sslmode=require'

See https://www.postgresql.org/docs/current/libpq-ssl.html for libpq SSL mode definitions.
(Use `node --trace-warnings ...` to show where the warning was created)
Retrying 22 failed claims
[1/22] BL32974 ... FAIL claim manager "FELICIA CLEVENGER" not found in CAC docs; doctor "GLAZE DANIEL W" not found in CAC docs; address "294 SEARS RD" not in CAC docs
[2/22] ZB71415 ... PASS
[3/22] BL61172 ... FAIL employer "DARWINS NATURAL PET PRODUCTS" not found in CAC docs; claim manager "MATTHEW HIDY" not found in CAC docs; doctor "FRIEDMAN ANDREW S MD" not found in CAC docs; address "2223 BENSON RD S APT U101" not in CAC docs
[4/22] BJ03400 ... PASS
[5/22] AU51037 ... FAIL employer "MSANBTL LLC" not found in CAC docs; claim manager "CHANEL RICHARDS" not found in CAC docs; doctor "LOGALBO MATTHEW J MD" not found in CAC docs; address "601 BELMONT AVE E APT #A5 SE" not in CAC docs
[6/22] ZB71243 ... PASS
[7/22] BM26907 ... FAIL missing: Attending doctor, Claim Manager, Employer name, Worker mailing address, Worker residence address, Injury date
[8/22] BN71306 ... FAIL employer "SAFETY & SUPPLY LLC" not found in CAC docs; claim manager "TERRI NOLAN" not found in CAC docs; doctor "WESSEL LELAND G MD" not found in CAC docs; address "4119 N FERDINAND STREET" not in CAC docs
[9/22] BM47751 ... PASS
[10/22] BN79103 ... ERROR Could not find the body element: are you sure this is a docx file?
[11/22] BA52296 ... FAIL missing: Attending doctor, Claim Manager, Employer name, Worker mailing address, Worker residence address, Injury date; no CAC PDF found for cross-check
[12/22] BJ91086 ... PASS
[13/22] BL69890 ... FAIL missing: Injury date
[14/22] BL43698 ... FAIL missing: Attending doctor, Claim Manager, Employer name, Worker mailing address, Worker residence address, Injury date
[15/22] BJ54412 ... FAIL missing: Worker mailing address, Worker residence address
[16/22] BH15269 ... FAIL missing: Worker mailing address, Worker residence address
[17/22] BL64619 ... FAIL missing: Worker mailing address, Worker residence address
[18/22] BK47305 ... FAIL missing: Attending doctor, Claim Manager, Employer name, Worker mailing address, Worker residence address, Injury date; no CAC PDF found for cross-check
[19/22] BH00259 ... FAIL missing: Attending doctor, Claim Manager, Employer name, Worker mailing address, Worker residence address, Injury date
[20/22] BN69737 ... ERROR Could not find the body element: are you sure this is a docx file?
[21/22] ZB66774 ... FAIL missing: Attending doctor, Claim Manager, Employer name, Worker mailing address, Worker residence address, Injury date; no CAC PDF found for cross-check
[22/22] BK75175 ... ERROR Could not find the body element: are you sure this is a docx file?

Done: 5 pass, 17 fail (22 total)
Results: scripts/import-all-results.json

Failures:
  BL32974: claim manager "FELICIA CLEVENGER" not found in CAC docs; doctor "GLAZE DANIEL W" not found in CAC docs; address "294 SEARS RD" not in CAC docs
  BL61172: employer "DARWINS NATURAL PET PRODUCTS" not found in CAC docs; claim manager "MATTHEW HIDY" not found in CAC docs; doctor "FRIEDMAN ANDREW S MD" not found in CAC docs; address "2223 BENSON RD S APT U101" not in CAC docs
  AU51037: employer "MSANBTL LLC" not found in CAC docs; claim manager "CHANEL RICHARDS" not found in CAC docs; doctor "LOGALBO MATTHEW J MD" not found in CAC docs; address "601 BELMONT AVE E APT #A5 SE" not in CAC docs
  BM26907: missing: Attending doctor, Claim Manager, Employer name, Worker mailing address, Worker residence address, Injury date
  BN71306: employer "SAFETY & SUPPLY LLC" not found in CAC docs; claim manager "TERRI NOLAN" not found in CAC docs; doctor "WESSEL LELAND G MD" not found in CAC docs; address "4119 N FERDINAND STREET" not in CAC docs
  BN79103: Could not find the body element: are you sure this is a docx file?
  BA52296: missing: Attending doctor, Claim Manager, Employer name, Worker mailing address, Worker residence address, Injury date; no CAC PDF found for cross-check
  BL69890: missing: Injury date
  BL43698: missing: Attending doctor, Claim Manager, Employer name, Worker mailing address, Worker residence address, Injury date
  BJ54412: missing: Worker mailing address, Worker residence address
  BH15269: missing: Worker mailing address, Worker residence address
  BL64619: missing: Worker mailing address, Worker residence address
  BK47305: missing: Attending doctor, Claim Manager, Employer name, Worker mailing address, Worker residence address, Injury date; no CAC PDF found for cross-check
  BH00259: missing: Attending doctor, Claim Manager, Employer name, Worker mailing address, Worker residence address, Injury date
  BN69737: Could not find the body element: are you sure this is a docx file?
  ZB66774: missing: Attending doctor, Claim Manager, Employer name, Worker mailing address, Worker residence address, Injury date; no CAC PDF found for cross-check
  BK75175: Could not find the body element: are you sure this is a docx file?
