Read 1015 invoice rows from spreadsheet
DRY RUN — no database writes
#1 (1) BH63363 SKIP — already imported
#2 (2) AR26887 SKIP — already imported
#3 (3) BH63363 SKIP — already imported
#4 (4) BL65171 SKIP — already imported
#5 (5) ZB63633 SKIP — already imported
#10 (10) BL65171 SKIP — already imported
#8 (8) BH63363 SKIP — already imported
#6 (6) AR26887 SKIP — already imported
#9 (9) BK97115 SKIP — already imported
#7 (7) BL02608 SKIP — already imported
#11 (11) AR26887 SKIP — already imported
#12 (12) BK97115 SKIP — already imported
#13 (13) BH63363 SKIP — already imported
#15 (15) BL02608 SKIP — already imported
#14 (14) BL65171 SKIP — already imported
#16 (16) AR26887 SKIP — already imported
#17 (17) BK97115 SKIP — already imported
#18 (18) ZB63633 SKIP — already imported
#19 (19) BH63363 SKIP — already imported
#20 (20) BL65171 SKIP — already imported
#21 (21) AR26887 SKIP — already imported
#22 (22) BK97115 SKIP — already imported
#23 (23) BH63363 SKIP — already imported
#24 (24) BL84433 SKIP — already imported
#25 (25) BL02608 SKIP — already imported
#27 (27) BL65171 SKIP — already imported
#26 (26) ZB63633 SKIP — already imported
#28 (28) BL84433 SKIP — already imported
#29 (29) AR26887 SKIP — already imported
#30 (30) BK97115 SKIP — already imported
#31 (31) BH63363 SKIP — already imported
#32 (32) BL65171 SKIP — already imported
#33 (33) BL84433 SKIP — already imported
#34 (34) BK76913 SKIP — already imported
#35 (35) AR26887 SKIP — already imported
#36 (36) ZB63633 SKIP — already imported
#39 (39) BK76913 SKIP — already imported
#37 (37) BL84433 SKIP — already imported
#38 (38) BK94064 SKIP — already imported
#40 (40) AR26887 SKIP — already imported
#41 (41) BK97115 SKIP — already imported
#42 (42) BH63363 SKIP — already imported
#43 (43) BL84433 SKIP — already imported
#44 (44) BL02608 SKIP — already imported
#45 (45) BL65171 SKIP — already imported
#46 (46) BK94064 SKIP — already imported
#47 (47) BF01603 SKIP — already imported
#52 (52) BK94064 SKIP — already imported
#48 (48) ZB63633 SKIP — already imported
#49 (49) BL84433 SKIP — already imported
#50 (50) BK76913 SKIP — already imported
#51 (51) BH92547 SKIP — already imported
#53 (53) AR26887 SKIP — already imported
#55 (55) BK97115 SKIP — already imported
#54 (54) ZB63633 SKIP — already imported
#56 (56) BH63363 SKIP — already imported
#57 (57) BH01635 SKIP — already imported
#58 (58) BL65171 SKIP — already imported
#59 (59) BL02608 SKIP — already imported
#60 (60) BL84433 SKIP — already imported
#61 (61) BH92547 SKIP — already imported
#62 (62) ZB31901 SKIP — already imported
#63 (63) ZB63633 SKIP — already imported
#65 (65) BH01635 SKIP — already imported
#66 (66) BL65171 SKIP — already imported
#67 (67) BL84433 SKIP — already imported
#68 (68) BK47305 SKIP — already imported
#69 (69) BH92547 SKIP — already imported
#70 (70) ZB31901 SKIP — already imported
#71 (71) AR26887 SKIP — already imported
#73 (73) BK97115 SKIP — already imported
#72 (72) ZB63633 SKIP — already imported
#74 (74) BH63363 SKIP — already imported
#76 (76) BL65171 SKIP — already imported
#75 (75) BH01635 SKIP — already imported
#78 (78) BK47305 SKIP — already imported
#77 (77) BL84433 SKIP — already imported
#64 (64) BD45091 SKIP — already imported
#79 (79) ZB31901 SKIP — already imported
#80 (80) ZB63633 SKIP — already imported
#81 (81) BH01635 SKIP — already imported
#82 (82) BK76913 SKIP — already imported
#83 (83) BK47305 SKIP — already imported
#84 (84) BL84433 SKIP — already imported
#85 (85) ZB31901 SKIP — already imported
#86 (86) AR26887 SKIP — already imported
#87 (87) BK97115 SKIP — already imported
#88 (88) BH63363 SKIP — already imported
#89 (89) BH01635 SKIP — already imported
#90 (90) BK47305 SKIP — already imported
#91 (91) BK94910 SKIP — already imported
#92 (92) ZB31901 SKIP — already imported
#93 (93) BD45091 SKIP — already imported
#94 (94) BK97115 SKIP — already imported
#96 (96) BG99421 SKIP — already imported
#95 (95) ZB63633 SKIP — already imported
#97 (97) BL65171 SKIP — already imported
#98 (98) BH01635 SKIP — already imported
#99 (99) BK76913 SKIP — already imported
#100 (100) BL84433 SKIP — already imported
#101 (101) BK47305 SKIP — already imported
#102 (102) AR26887 SKIP — already imported
#103 (103) ZB63633 SKIP — already imported
#104 (104) BH01635 SKIP — already imported
#105 (105) BK76913 SKIP — already imported
#106 (106) BD45091 SKIP — already imported
#107 (107) BK94910 SKIP — already imported
#108 (108) ZB31901 SKIP — already imported
#109 (109) BK97115 SKIP — already imported
#110 (110) ZB63633 SKIP — already imported
#111 (111) BL65171 SKIP — already imported
#112 (112) BH63363 SKIP — already imported
#113 (113) BG99421 SKIP — already imported
#114 (114) BK47305 SKIP — already imported
#115 (115) BG99421 SKIP — already imported
#116 (116) BL84433 SKIP — already imported
#117 (117) BJ87697 SKIP — already imported
#118 (118) AR26887 SKIP — already imported
#119 (119) ZB63633 SKIP — already imported
#120 (120) BD45091 SKIP — already imported
#121 (121) BG99421 SKIP — already imported
#122 (122) BK76913 SKIP — already imported
#123 (123) BH01635 SKIP — already imported
#124 (124) BH46754 SKIP — already imported
#125 (125) ZB31901 SKIP — already imported
#126 (126) BK97115 SKIP — already imported
#127 (127) ZB63633 SKIP — already imported
#128 (128) BH63363 SKIP — already imported
#129 (129) BH01635 SKIP — already imported
#130 (130) BK47305 SKIP — already imported
#131 (131) BG99421 SKIP — already imported
#132 (132) BL84433 SKIP — already imported
#133 (133) BH46754 SKIP — already imported
#134 (134) BE84598 SKIP — already imported
#135 (135) ZB63633 SKIP — already imported
#136 (136) BH92547 SKIP — already imported
#137 (137) BH01635 SKIP — already imported
#138 (138) BG99421 SKIP — already imported
#139 (139) BK76913 SKIP — already imported
#140 (140) BF90963 SKIP — already imported
#141 (141) BH46754 SKIP — already imported
#142 (142) ZB31901 SKIP — already imported
#143 (143) BH92547 SKIP — already imported
#144 (144) AR26887 SKIP — already imported
#145 (145) BK97115 SKIP — already imported
#146 (146) ZB63633 SKIP — already imported
#147 (147) BL65171 SKIP — already imported
#148 (148) BH63363 SKIP — already imported
#149 (149) BH01635 SKIP — already imported
#150 (150) BE84598 SKIP — already imported
#151 (151) BJ86926 SKIP — already imported
#152 (152) BG99421 SKIP — already imported
#153 (153) BL84433 SKIP — already imported
#154 (154) BL64619 SKIP — already imported
#155 (155) BH46754 SKIP — already imported
#156 (156) BF90963 SKIP — already imported
#157 (157) BJ87697 SKIP — already imported
#158 (158) BG99421 SKIP — already imported
#159 (159) ZB63633 SKIP — already imported
#160 (160) BH01635 SKIP — already imported
#161 (161) BJ86926 SKIP — already imported
#162 (162) BG99421 SKIP — already imported
#163 (163) BK47305 SKIP — already imported
#164 (164) BK76913 SKIP — already imported
#165 (165) BG46680 SKIP — already imported
#166 (166) ZB31901 SKIP — already imported
#167 (167) AR26887 SKIP — already imported
#168 (168) ZB63633 SKIP — already imported
#169 (169) BK97115 SKIP — already imported
#170 (170) BH63363 SKIP — already imported
#171 (171) BL65171 SKIP — already imported
#172 (172) BJ86926 SKIP — already imported
#173 (173) BL64619 SKIP — already imported
#174 (174) BG99421 SKIP — already imported
#175 (175) BL84433 SKIP — already imported
#176 (176) BG46680 SKIP — already imported
#177 (177) BH46754 SKIP — already imported
#178 (178) ZB63633 SKIP — already imported
#181 (181) BK47305 SKIP — already imported
#179 (179) BF90963 SKIP — already imported
#180 (180) BH01635 SKIP — already imported
#182 (182) BK76913 SKIP — already imported
#183 (183) BL77528 SKIP — already imported
#184 (184) ZB63633 SKIP — already imported
#185 (185) BD45091 SKIP — already imported
#186 (186) BK76913 SKIP — already imported
#188 (188) BK78317 SKIP — already imported
#189 (189) BC05750 SKIP — already imported
#187 (187) BJ86926 SKIP — already imported
#190 (190) BJ18467 SKIP — already imported
#191 (191) BG99421 SKIP — already imported
#192 (192) BK97115 SKIP — already imported
#193 (193) AR26887 SKIP — already imported
#194 (194) BJ87697 SKIP — already imported
#195 (195) ZB63633 SKIP — already imported
#200 (200) ZB63633 SKIP — already imported
#196 (196) BC05750 SKIP — already imported
#197 (197) BG99421 SKIP — already imported
#205 (205) BL19840 SKIP — already imported
#206 (206) ZB63633 SKIP — already imported
#198 (198) BJ97198 SKIP — already imported
#207 (207) BK47305 SKIP — already imported
#215 (215) ZB63633 SKIP — already imported
#214 (214) ZB63633 SKIP — already imported
#211 (211) BK47305 SKIP — already imported
#199 (199) BJ18467 SKIP — already imported
#201 (201) BL65171 SKIP — already imported
#202 (202) BH63363 SKIP — already imported
#203 (203) BC01258 SKIP — already imported
#204 (204) BC05750 SKIP — already imported
#208 (208) BG99421 SKIP — already imported
#209 (209) BL19840 SKIP — already imported
#216 (216) BL19840 SKIP — already imported
#217 (217) BL19840 SKIP — already imported
#210 (210) BL84433 SKIP — already imported
#212 (212) BL64619 SKIP — already imported
#213 (213) BG46680 SKIP — already imported
#218 (218) BL77528 SKIP — already imported
#220 (220) BF90963 SKIP — already imported
#219 (219) ZB63633 SKIP — already imported
#221 (221) BJ18467 SKIP — already imported
#222 (222) BL19840 SKIP — already imported
#223 (223) BL19840 SKIP — already imported
#224 (224) BH01635 SKIP — already imported
#225 (225) BJ86926 SKIP — already imported
#226 (226) BG99421 SKIP — already imported
#231 (231) BK97115 SKIP — already imported
#227 (227) BK76913 SKIP — already imported
#228 (228) BJ97198 SKIP — already imported
#229 (229) BK87459 SKIP — already imported
#230 (230) BH46754 SKIP — already imported
#232 (232) BC01258 SKIP — already imported
#233 (233) BC05750 SKIP — already imported
#234 (234) ZB63633 SKIP — already imported
#235 (235) BG99421 SKIP — already imported
#236 (236) BL77528 SKIP — already imported
#237 (237) BJ18467 SKIP — already imported
#238 (238) BJ87697 SKIP — already imported
#239 (239) ZB63633 SKIP — already imported
#247 (247) BH46754 SKIP — already imported
#240 (240) BH01635 SKIP — already imported
#243 (243) BJ93593 SKIP — already imported
#241 (241) BG99421 SKIP — already imported
#242 (242) BH46754 SKIP — already imported
#244 (244) BC05750 SKIP — already imported
#250 (250) BC05750 SKIP — already imported
#245 (245) ZB63633 SKIP — already imported
#246 (246) BD45091 SKIP — already imported
#248 (248) BJ86926 SKIP — already imported
#249 (249) BJ54412 SKIP — already imported
#251 (251) BK76913 SKIP — already imported
#252 (252) BK76913 SKIP — already imported
#253 (253) BJ97198 SKIP — already imported
#254 (254) BL64619 SKIP — already imported
#255 (255) BG46680 SKIP — already imported
#256 (256) BJ18467 SKIP — already imported
#257 (257) BH01635 SKIP — already imported
#263 (263) BJ86926 SKIP — already imported
#258 (258) BL77528 SKIP — already imported
#259 (259) BJ27592 SKIP — already imported
#277 (277) BL77528 SKIP — already imported
#260 (260) BJ54412 SKIP — already imported
#261 (261) BL94062 SKIP — already imported
#262 (262) BG99421 SKIP — already imported
#264 (264) BH46754 SKIP — already imported
#265 (265) BJ93593 SKIP — already imported
#266 (266) BK03975 SKIP — already imported
#267 (267) BC05750 SKIP — already imported
#268 (268) BK47305 SKIP — already imported
#269 (269) BM54409 SKIP — already imported
#270 (270) BH15269 SKIP — already imported
#271 (271) BL65171 SKIP — already imported
#272 (272) BK87459 SKIP — already imported
#273 (273) BM63571 SKIP — already imported
#274 (274) BL94062 SKIP — already imported
#275 (275) BJ03038 SKIP — already imported
#276 (276) BL77528 SKIP — already imported
#278 (278) BB92037 SKIP — already imported
#279 (279) BM54409 SKIP — already imported
#280 (280) BJ18467 SKIP — already imported
#291 (291) BL99673 SKIP — already imported
#281 (281) BJ28623 SKIP — already imported
#282 (282) BH15269 SKIP — already imported
#283 (283) BJ27592 SKIP — already imported
#284 (284) BK03975 SKIP — already imported
#285 (285) BG99421 SKIP — already imported
#286 (286) BJ54412 SKIP — already imported
#287 (287) BG46680 SKIP — already imported
#288 (288) BK76913 SKIP — already imported
#289 (289) BJ97198 SKIP — already imported
#290 (290) BJ86926 SKIP — already imported
#292 (292) BL77528 SKIP — already imported
#293 (293) BJ03038 SKIP — already imported
#294 (294) BL64619 SKIP — already imported
#295 (295) BH46754 SKIP — already imported
#296 (296) BL94062 SKIP — already imported
#297 (297) BC05750 SKIP — already imported
#299 (299) BK03975 SKIP — already imported
#300 (300) BM63571 SKIP — already imported
#301 (301) BG74810 SKIP — already imported
#302 (302) BK47305 SKIP — already imported
#298 (298) BB92037 SKIP — already imported
#307 (307) BK03975 SKIP — already imported
#303 (303) BJ28623 SKIP — already imported
#304 (304) BH15269 SKIP — already imported
#305 (305) BK97115 SKIP — already imported
#306 (306) BJ54412 SKIP — already imported
#308 (308) BK87459 SKIP — already imported
#309 (309) BG46680 SKIP — already imported
#310 (310) BJ18467 SKIP — already imported
#311 (311) BM54409 SKIP — already imported
#312 (312) BG99421 SKIP — already imported
#313 (313) BL77528 SKIP — already imported
#314 (314) BJ03038 SKIP — already imported
#315 (315) BH46754 SKIP — already imported
#316 (316) BL94062 SKIP — already imported
#317 (317) BG46680 SKIP — already imported
#318 (318) BM63571 SKIP — already imported
#319 (319) BC05750 SKIP — already imported
#320 (320) BJ28623 SKIP — already imported
#321 (321) BG74810 SKIP — already imported
#322 (322) BK47305 SKIP — already imported
#323 (323) BJ93593 SKIP — already imported
#324 (324) BK03975 SKIP — already imported
#325 (325) BJ27592 SKIP — already imported
#333 (333) BF90963 SKIP — already imported
#326 (326) BK97115 SKIP — already imported
#327 (327) BJ54412 SKIP — already imported
#335 (335) BJ87697 SKIP — already imported
#328 (328) BJ97198 SKIP — already imported
#329 (329) BJ87697 SKIP — already imported
#330 (330) BL99673 SKIP — already imported
#331 (331) BH78065 SKIP — already imported
#332 (332) BJ18467 SKIP — already imported
#334 (334) BB92037 SKIP — already imported
#336 (336) BM54409 SKIP — already imported
#342 (342) BK87459 SKIP — already imported
#345 (345) BL65171 SKIP — already imported
#337 (337) BJ86926 SKIP — already imported
#338 (338) BL77528 SKIP — already imported
#339 (339) BJ03038 SKIP — already imported
#340 (340) BL64619 SKIP — already imported
#341 (341) BH46754 SKIP — already imported
#343 (343) BL99673 SKIP — already imported
#344 (344) BH78065 SKIP — already imported
#346 (346) BC05750 SKIP — already imported
#347 (347) BK47305 SKIP — already imported
#348 (348) BJ28623 SKIP — already imported
#350 (350) BL65171 SKIP — already imported
#349 (349) BK03975 SKIP — already imported
#359 (359) ZB68335 SKIP — already imported
#358 (358) BM63571 SKIP — already imported
#351 (351) BJ54412 SKIP — already imported
#352 (352) BK03975 SKIP — already imported
#353 (353) BM54409 SKIP — already imported
#354 (354) BM63571 SKIP — already imported
#355 (355) BJ18467 SKIP — already imported
#356 (356) BK97115 SKIP — already imported
#357 (358) BL77528 SKIP — already imported
#360 (360) BJ03038 SKIP — already imported
#361 (361) BJ28623 SKIP — already imported
#362 (362) BK03975 SKIP — already imported
#363 (363) BH15269 SKIP — already imported
#364 (364) BB92037 SKIP — already imported
#365 (365) BK25284 SKIP — already imported
#366 (366) BJ97198 SKIP — already imported
#367 (367) BG46680 SKIP — already imported
#368 (368) BH46754 SKIP — already imported
#369 (369) BC05750 SKIP — already imported
#370 (370) BH78065 SKIP — already imported
#371 (371) BJ18467 SKIP — already imported
#372 (372) BJ27592 SKIP — already imported
#373 (373) BM54409 SKIP — already imported
#374 (374) BK03975 SKIP — already imported
#375 (375) BJ86926 SKIP — already imported
#376 (376) BJ03038 SKIP — already imported
#377 (377) BL64619 SKIP — already imported
#378 (378) BK97115 SKIP — already imported
#379 (379) BK47305 SKIP — already imported
#380 (380) BJ54412 SKIP — already imported
#381 (381) BM63571 SKIP — already imported
#388 (388) BJ87697 SKIP — already imported
#385 (385) BJ28623 SKIP — already imported
#386 (386) BK47305 SKIP — already imported
#387 (387) BG99421 SKIP — already imported
#382 (382) BJ28623 SKIP — already imported
#383 (383) BJ87697 SKIP — already imported
#384 (384) BK14186 SKIP — already imported
#389 (389) BB92037 SKIP — already imported
#390 (390) BK25284 SKIP — already imported
#391 (391) ZB68335 SKIP — already imported
#392 (392) BJ18467 SKIP — already imported
#393 (393) BJ27592 SKIP — already imported
#394 (394) BM54409 SKIP — already imported
#395 (395) BJ93593 SKIP — already imported
#396 (396) BH78065 SKIP — already imported
#397 (397) BK03975 SKIP — already imported
#398 (398) BJ87697 SKIP — already imported
#399 (399) BH46754 SKIP — already imported
#400 (400) BJ62798 SKIP — already imported
#401 (401) BL94062 SKIP — already imported
#402 (402) BK14186 SKIP — already imported
#403 (403) BG46680 SKIP — already imported
#404 (404) BK47305 SKIP — already imported
#411 (411) BK47305 SKIP — already imported
#405 (405) ZB68335 SKIP — already imported
#420 (420) ZB68335 SKIP — already imported
#406 (406) BC05750 SKIP — already imported
#428 (428) BC05750 SKIP — already imported
#407 (407) BH15269 SKIP — already imported
#408 (408) BJ97198 SKIP — already imported
#409 (409) BJ54412 SKIP — already imported
#410 (410) BJ62798 SKIP — already imported
#422 (422) BJ62798 SKIP — already imported
#432 (432) BJ62798 SKIP — already imported
#412 (412) BJ18467 SKIP — already imported
#413 (413) BJ87697 SKIP — already imported
#414 (414) BJ28623 SKIP — already imported
#415 (415) BK03975 SKIP — already imported
#416 (416) BH78065 SKIP — already imported
#417 (417) BH46754 SKIP — already imported
#418 (418) BL94062 SKIP — already imported
#419 (419) BG46680 SKIP — already imported
#421 (421) BK47305 SKIP — already imported
#423 (423) BK14186 SKIP — already imported
#424 (424) BH15269 SKIP — already imported
#425 (425) BM63571 SKIP — already imported
#430 (430) BK14186 SKIP — already imported
#431 (431) BH46754 SKIP — already imported
#426 (426) BB92037 SKIP — already imported
#427 (427) BK25284 SKIP — already imported
#429 (429) BK47305 SKIP — already imported
#433 (433) BJ87697 SKIP — already imported
#434 (434) BL64619 SKIP — already imported
#435 (435) BJ54412 SKIP — already imported
#436 (436) BH46754 SKIP — already imported
#437 (437) BH78065 SKIP — already imported
#438 (438) BG46680 SKIP — already imported
#439 (439) BK47305 SKIP — already imported
#440 (440) BJ62798 SKIP — already imported
#441 (441) BJ18467 SKIP — already imported
#442 (442) BK14186 SKIP — already imported
#447 (447) BH46754 SKIP — already imported
#448 (448) BJ62798 SKIP — already imported
#449 (449) BJ87697 SKIP — already imported
#443 (443) BH15269 SKIP — already imported
#444 (444) BJ27592 SKIP — already imported
#445 (445) BK03975 SKIP — already imported
#453 (453) BK03975 SKIP — already imported
#446 (446) BJ97198 SKIP — already imported
#450 (450) BK47305 SKIP — already imported
#451 (451) BJ62798 SKIP — already imported
#452 (452) BM37259 SKIP — already imported
#454 (454) BH78065 SKIP — already imported
#455 (455) BL05371 SKIP — already imported
#456 (456) BK14186 SKIP — already imported
#457 (457) BK47305 SKIP — already imported
#458 (458) BH15269 SKIP — already imported
#468 (468) BK47305 SKIP — already imported
#459 (459) BJ28623 SKIP — already imported
#461 (461) BJ54412 SKIP — already imported
#460 (460) BJ44244 SKIP — already imported
#462 (462) BK25284 SKIP — already imported
#463 (463) BB92037 SKIP — already imported
#464 (464) BK03975 SKIP — already imported
#465 (465) BJ62798 SKIP — already imported
#466 (466) BC05750 SKIP — already imported
#467 (467) BJ18467 SKIP — already imported
#469 (469) BH46754 SKIP — already imported
#471 (471) BL64619 SKIP — already imported
#470 (470) BG74810 SKIP — already imported
#472 (472) BK14186 SKIP — already imported
#473 (473) BJ62798 SKIP — already imported
#474 (474) BH78065 SKIP — already imported
#476 (476) BH15269 SKIP — already imported
#475 (475) BK47305 SKIP — already imported
#480 (480) BG46680 SKIP — already imported
#478 (478) BJ97198 SKIP — already imported
#477 (477) BL05371 SKIP — already imported
#479 (479) BK03975 SKIP — already imported
#481 (481) BJ62798 SKIP — already imported
#482 (482) BK47305 SKIP — already imported
#483 (483) BJ27592 SKIP — already imported
#484 (484) BJ28623 SKIP — already imported
#485 (485) BM37259 SKIP — already imported
#486 (486) BH78065 SKIP — already imported
#487 (487) BM51668 SKIP — already imported
#488 (488) BJ54412 SKIP — already imported
#489 (489) BB92037 SKIP — already imported
#490 (490) BJ62798 SKIP — already imported
#491 (491) BC05750 SKIP — already imported
#492 (492) BK14186 SKIP — already imported
#493 (493) BK47305 SKIP — already imported
#494 (494) BH15269 SKIP — already imported
#495 (495) BK25284 SKIP — already imported
#497 (497) BJ62798 SKIP — already imported
#496 (496) BK03975 SKIP — already imported
#498 (498) BH46754 SKIP — already imported
#499 (499) BC05750 SKIP — already imported
#500 (500) BJ27592 SKIP — already imported
#501 (501) BJ62798 SKIP — already imported
#502 (502) BM27306 SKIP — already imported
#503 (503) BJ18467 SKIP — already imported
#504 (504) BK47305 SKIP — already imported
#508 (508) BK47305 SKIP — already imported
#516 (516) BG46680 SKIP — already imported
#505 (505) BL77528 SKIP — already imported
#506 (506) BL43698 SKIP — already imported
#507 (507) BJ44244 SKIP — already imported
#509 (509) BH78065 SKIP — already imported
#511 (511) BK03975 SKIP — already imported
#510 (510) BM51668 SKIP — already imported
#512 (512) BL94062 SKIP — already imported
#513 (513) BL77059 SKIP — already imported
#514 (514) BJ62798 SKIP — already imported
#515 (515) BK14186 SKIP — already imported
#518 (518) BL32620 SKIP — already imported
#517 (517) BJ28623 SKIP — already imported
#525 (525) ZB68335 SKIP — already imported
#524 (524) BH46754 SKIP — already imported
#526 (526) BM51668 SKIP — already imported
#519 (519) BJ97198 SKIP — already imported
#520 (520) BJ87697 SKIP — already imported
#521 (521) BL64619 SKIP — already imported
#522 (522) BJ54412 SKIP — already imported
#523 (523) BK47305 SKIP — already imported
#527 (527) BM27306 SKIP — already imported
#528 (528) BL43698 SKIP — already imported
#529 (529) BM51668 SKIP — already imported
#530 (530) BL94062 SKIP — already imported
#531 (531) BK14186 SKIP — already imported
#532 (531) BL77059 SKIP — already imported
#533 (533) BJ62798 SKIP — already imported
#534 (534) BG46680 SKIP — already imported
#535 (535) BK25284 SKIP — already imported
#536 (536) BL69890 SKIP — already imported
#537 (537) BJ18467 SKIP — already imported
#538 (538) BK03975 SKIP — already imported
#539 (539) BJ91086 SKIP — already imported
#540 (540) BJ62798 SKIP — already imported
#541 (541) BJ28623 SKIP — already imported
#542 (542) BH15269 SKIP — already imported
#543 (543) BL43698 SKIP — already imported
#544 (544) BM51668 SKIP — already imported
#545 (545) BJ54412 SKIP — already imported
#546 (546) BK14186 SKIP — already imported
#547 (547) BJ45489 SKIP — already imported
#548 (548) BL77059 SKIP — already imported
#549 (549) BB92037 SKIP — already imported
#550 (550) BM27306 SKIP — already imported
#551 (551) BK03975 SKIP — already imported
#552 (552) BL64619 SKIP — already imported
#555 (555) BH46754 SKIP — already imported
#556 (556) BK47305 SKIP — already imported
#557 (557) BJ18467 SKIP — already imported
#560 (560) BK47305 SKIP — already imported
#553 (553) BL69890 SKIP — already imported
#554 (554) BL94062 SKIP — already imported
#564 (564) BL69890 SKIP — already imported
#563 (563) BG46680 SKIP — already imported
#558 (558) BG46680 SKIP — already imported
#559 (559) BM65887 SKIP — already imported
#561 (561) BJ62798 SKIP — already imported
#562 (562) BL20510 SKIP — already imported
#565 (565) BM51668 SKIP — already imported
#566 (566) BH15269 SKIP — already imported
#567 (567) BJ45489 SKIP — already imported
#568 (568) BL43698 SKIP — already imported
#569 (569) BL32211 SKIP — already imported
#570 (570) BJ18467 SKIP — already imported
#571 (571) BK47305 SKIP — already imported
#573 (573) BJ18467 SKIP — already imported
#574 (574) BJ91086 SKIP — already imported
#572 (572) BJ54412 SKIP — already imported
#576 (576) BK14186 SKIP — already imported
#575 (575) BJ62798 SKIP — already imported
#577 (577) BN77205 SKIP — already imported
#578 (578) BL77059 SKIP — already imported
#579 (579) BL20510 SKIP — already imported
#580 (580) BJ44244 SKIP — already imported
#581 (581) BM51668 SKIP — already imported
#582 (582) BL43698 SKIP — already imported
#583 (583) BJ91086 SKIP — already imported
#584 (584) BG46680 SKIP — already imported
#585 (585) BM70906 SKIP — already imported
#586 (586) BE77640 SKIP — already imported
#587 (587) BL32211 SKIP — already imported
#589 (589) BJ18467 SKIP — already imported
#588 (588) BB92037 SKIP — already imported
#590 (590) BK25284 SKIP — already imported
#591 (591) BL64619 SKIP — already imported
#592 (592) BJ45489 SKIP — already imported
#593 (593) BN77205 SKIP — already imported
#594 (594) BL77059 SKIP — already imported
#595 (595) BL20510 SKIP — already imported
#596 (596) BM51668 SKIP — already imported
#597 (597) BL32211 SKIP — already imported
#598 (598) BJ91086 SKIP — already imported
#614 (614) BN79103 SKIP — already imported
#600 (600) BL69748 SKIP — already imported
#599 (599) BN79103 SKIP — already imported
#601 (601) BH15269 SKIP — already imported
#602 (602) BE77640 SKIP — already imported
#603 (603) BL43698 SKIP — already imported
#604 (604) BJ44244 SKIP — already imported
#605 (605) BJ45489 SKIP — already imported
#606 (606) BM71187 SKIP — already imported
#607 (607) BM70906 SKIP — already imported
#608 (608) BK47305 SKIP — already imported
#609 (609) BN77205 SKIP — already imported
#610 (610) BL20510 SKIP — already imported
#611 (611) BJ15024 SKIP — already imported
#612 (612) BL64619 SKIP — already imported
#613 (613) BM51668 SKIP — already imported
#615 (615) BM71187 SKIP — already imported
#616 (616) BJ91086 SKIP — already imported
#617 (617) BE77640 SKIP — already imported
#618 (618) BB92037 SKIP — already imported
#619 (619) BK47305 SKIP — already imported
#620 (620) BL43698 SKIP — already imported
#621 (621) BK25284 SKIP — already imported
#622 (622) BL32211 SKIP — already imported
#623 (623) BG46680 SKIP — already imported
#624 (624) BM71187 SKIP — already imported
#625 (625) BM70906 SKIP — already imported
#627 (627) BM65887 SKIP — already imported
#628 (628) BL20510 SKIP — already imported
#629 (629) BJ44244 SKIP — already imported
#630 (630) BL64619 SKIP — already imported
#631 (631) BM40746 SKIP — already imported
#626 (626) BK47305 SKIP — already imported
#632 (632) BK47305 SKIP — already imported
#633 (633) BL77059 SKIP — already imported
#634 (634) BM71187 SKIP — already imported
#635 (635) BL15562 SKIP — already imported
#636 (636) BL43698 SKIP — already imported
#637 (637) BM47751 SKIP — already imported
#638 (638) BN77205 SKIP — already imported
#639 (639) BM40746 SKIP — already imported
#640 (640) BM51668 SKIP — already imported
#641 (641) BL32211 SKIP — already imported
#642 (642) BM71187 SKIP — already imported
#643 (643) BJ91086 SKIP — already imported
#644 (644) BK47305 SKIP — already imported
#645 (645) BM70906 SKIP — already imported
#646 (646) BE77640 SKIP — already imported
#647 (647) BN79103 SKIP — already imported
#648 (648) BJ44244 SKIP — already imported
#649 (649) BM71187 SKIP — already imported
#650 (650) BK47305 SKIP — already imported
#651 (651) BM47751 SKIP — already imported
#652 (652) BK25284 SKIP — already imported
#653 (653) BL15562 SKIP — already imported
#654 (654) BN77205 SKIP — already imported
#655 (655) BM51668 SKIP — already imported
#656 (656) BL64619 SKIP — already imported
#657 (657) BM71187 SKIP — already imported
#669 (669) BJ45489 SKIP — already imported
#658 (658) BJ45489 SKIP — already imported
#659 (659) BK47305 SKIP — already imported
#662 (662) BK47305 SKIP — already imported
#660 (660) BM40746 SKIP — already imported
#661 (661) BL43698 SKIP — already imported
#663 (663) BM71187 SKIP — already imported
#664 (664) BK14186 SKIP — already imported
#665 (665) BM26907 SKIP — already imported
#666 (666) BL32211 SKIP — already imported
#667 (667) BL20510 SKIP — already imported
#668 (668) BJ91086 SKIP — already imported
#670 (670) BE77640 SKIP — already imported
#671 (671) BB92037 SKIP — already imported
#672 (672) BK47305 SKIP — already imported
#673 (673) BL77059 SKIP — already imported
#674 (674) BK14186 SKIP — already imported
#675 (675) BL15562 SKIP — already imported
#676 (676) BN77205 SKIP — already imported
#677 (677) BJ44244 SKIP — already imported
#678 (678) BM51668 SKIP — already imported
#679 (679) BM26907 SKIP — already imported
#680 (680) BM40746 SKIP — already imported
#681 (681) BL20510 SKIP — already imported
#682 (682) BM71187 SKIP — already imported
#683 (683) BJ45489 SKIP — already imported
#684 (684) BK25284 SKIP — already imported
#685 (685) BL64619 SKIP — already imported
#686 (686) BE77640 SKIP — already imported
#687 (687) BL32211 SKIP — already imported
#688 (688) BN79103 SKIP — already imported
#689 (689) BL43698 SKIP — already imported
#690 (690) ZB71243 SKIP — already imported
#691 (691) BJ91086 SKIP — already imported
#692 (692) BK03975 SKIP — already imported
#693 (693) BM71187 SKIP — already imported
#694 (694) BL15562 SKIP — already imported
#695 (695) BM70906 SKIP — already imported
#696 (696) BM26907 SKIP — already imported
#697 (697) BJ03400 SKIP — already imported
#698 (698) BM40746 SKIP — already imported
#699 (699) ZB71243 SKIP — already imported
#936 (670) BL20510 SKIP — already imported
#700 (700) BB92037 SKIP — already imported
#701 (701) AU51037 SKIP — already imported
#702 (702) BM71187 SKIP — already imported
#703 (703) BM51668 SKIP — already imported
#704 (704) BJ45489 SKIP — already imported
#705 (705) BK03975 SKIP — already imported
#706 (706) ZB71243 SKIP — already imported
#707 (707) BE77640 SKIP — already imported
#708 (708) BM47751 SKIP — already imported
#709 (709) BK14186 SKIP — already imported
#710 (710) BL79123 SKIP — already imported
#711 (711) BN71306 SKIP — already imported
#712 (712) BL15562 SKIP — already imported
#714 (714) BN77205 SKIP — already imported
#715 (715) BG46680 SKIP — already imported
#716 (716) BL32211 SKIP — already imported
#717 (717) BM40746 SKIP — already imported
#718 (718) AU51037 SKIP — already imported
#719 (719) ZB71243 SKIP — already imported
#720 (720) BM71187 SKIP — already imported
#713 (713) BK47305 SKIP — already imported
#722 (722) BJ44244 SKIP — already imported
#721 (721) BL20510 SKIP — already imported
#723 (723) BJ03400 SKIP — already imported
#724 (724) BL79123 SKIP — already imported
#725 (725) BK25284 SKIP — already imported
#726 (726) BK47305 SKIP — already imported
#727 (727) BL05371 SKIP — already imported
#728 (728) BK14186 SKIP — already imported
#729 (729) BK03975 SKIP — already imported
#730 (730) BM71187 SKIP — already imported
#731 (731) BM26907 SKIP — already imported
#732 (732) BN79103 SKIP — already imported
#733 (733) ZB71243 SKIP — already imported
#734 (734) BM51668 SKIP — already imported
#735 (735) BJ91086 SKIP — already imported
#736 (736) BN71306 SKIP — already imported
#737 (737) BE77640 SKIP — already imported
#738 (738) BM70906 SKIP — already imported
#739 (739) BL15562 SKIP — already imported
#740 (740) AU51037 SKIP — already imported
#742 (742) BL79123 SKIP — already imported
#743 (743) BM71187 SKIP — already imported
#744 (744) BL64619 SKIP — already imported
#745 (745) BJ45489 SKIP — already imported
#746 (746) BM40746 SKIP — already imported
#747 (747) ZB71243 SKIP — already imported
#748 (748) BL20510 SKIP — already imported
#741 (741) BK47305 SKIP — already imported
#750 (750) BL05371 SKIP — already imported
#749 (749) BK47305 SKIP — already imported
#751 (751) BK14186 SKIP — already imported
#752 (752) BM51668 SKIP — already imported
#754 (754) BG46680 SKIP — already imported
#753 (753) BL43698 SKIP — already imported
#755 (755) BE77640 SKIP — already imported
#756 (756) ZB71243 SKIP — already imported
#757 (757) BM71187 SKIP — already imported
#758 (758) BJ44244 SKIP — already imported
#759 (759) BN77205 SKIP — already imported
#760 (760) BL15562 SKIP — already imported
#762 (762) AU51037 SKIP — already imported
#763 (763) BL79123 SKIP — already imported
#764 (764) AR78431 SKIP — already imported
#765 (765) BK03975 SKIP — already imported
#766 (766) BM26907 SKIP — already imported
#767 (767) BM40746 SKIP — already imported
#768 (768) ZB71243 SKIP — already imported
#769 (769) BM70906 SKIP — already imported
#770 (770) BL20510 SKIP — already imported
#761 (761) BK47305 SKIP — already imported
#771 (771) BM32698 SKIP — already imported
#772 (772) BK25284 SKIP — already imported
#773 (773) BK47305 SKIP — already imported
#774 (774) BM71187 SKIP — already imported
#775 (775) BL05371 SKIP — already imported
#776 (776) AR78431 SKIP — already imported
#777 (777) BN79103 SKIP — already imported
#778 (778) BJ45489 SKIP — already imported
#779 (779) BE77640 SKIP — already imported
#780 (780) BL61172 SKIP — already imported
#781 (781) BJ91086 SKIP — already imported
#782 (782) ZB71415 SKIP — already imported
#783 (783) BL15562 SKIP — already imported
#785 (785) BL43698 SKIP — already imported
#786 (786) BM51668 SKIP — already imported
#784 (784) BK47305 SKIP — already imported
#787 (787) BL79123 SKIP — already imported
#788 (788) BM40746 SKIP — already imported
#789 (789) ZB71243 SKIP — already imported
#790 (790) BK03975 SKIP — already imported
#791 (791) BL64619 SKIP — already imported
#792 (792) BM32698 SKIP — already imported
#793 (793) BM26907 SKIP — already imported
#795 (795) BJ54412 SKIP — already imported
#796 (796) BN77205 SKIP — already imported
#797 (797) ZB71415 SKIP — already imported
#798 (798) BL05371 SKIP — already imported
#800 (800) BL15562 SKIP — already imported
#801 (801) BL61172 SKIP — already imported
#802 (802) BL79123 SKIP — already imported
#803 (803) BK03975 SKIP — already imported
#804 (804) BJ45489 SKIP — already imported
#805 (805) BG46680 SKIP — already imported
#794 (794) BK47305 SKIP — already imported
#799 (799) BK47305 SKIP — already imported
#806 (806) BM32698 SKIP — already imported
#807 (807) BK25284 SKIP — already imported
#808 (808) BJ02335 SKIP — already imported
#809 (809) BM51668 SKIP — already imported
#810 (810) BN71306 SKIP — already imported
#811 (811) BK47305 SKIP — already imported
#812 (812) ZB71415 SKIP — already imported
#813 (813) BM47751 SKIP — already imported
#814 (814) BJ91086 SKIP — already imported
#815 (815) BN79103 SKIP — already imported
#816 (816) BE77640 SKIP — already imported
#817 (817) BB92037 SKIP — already imported
#818 (818) ZB71243 SKIP — already imported
#819 (819) BL15562 SKIP — already imported
#820 (820) BL43698 SKIP — already imported
#821 (821) BL64619 SKIP — already imported
#822 (822) BJ54412 SKIP — already imported
#823 (823) BM40746 SKIP — already imported
#824 (824) BM26907 SKIP — already imported
#825 (825) BL79123 SKIP — already imported
#826 (826) BJ02335 SKIP — already imported
#827 (827) BK47305 SKIP — already imported
#828 (828) BK03975 SKIP — already imported
#829 (829) BL61172 SKIP — already imported
#830 (830) BB92037 SKIP — already imported
#831 (831) ZB71415 SKIP — already imported
#832 (832) BL20510 SKIP — already imported
#833 (833) BM47751 SKIP — already imported
#834 (834) BJ45489 SKIP — already imported
#835 (835) BK47305 SKIP — already imported
#836 (836) BL53128 SKIP — already imported
#837 (837) BE77640 SKIP — already imported
#838 (838) BN77205 SKIP — already imported
#839 (839) ZB71243 SKIP — already imported
#840 (840) BM71187 SKIP — already imported
#841 (841) BL79123 SKIP — already imported
#842 (842) BJ02335 SKIP — already imported
#843 (843) BM40746 SKIP — already imported
#852 (852) BM40746 SKIP — already imported
#844 (844) BL15562 SKIP — already imported
#845 (845) BL69748 SKIP — already imported
#846 (846) BL61172 SKIP — already imported
#847 (847) BM47751 SKIP — already imported
#848 (848) BJ91086 SKIP — already imported
#849 (849) BN79103 SKIP — already imported
#850 (850) BM71187 SKIP — already imported
#851 (851) ZB71415 SKIP — already imported
#853 (853) BM32698 SKIP — already imported
#854 (854) BL43698 SKIP — already imported
#855 (855) BL64619 SKIP — already imported
#856 (856) BK03975 SKIP — already imported
#857 (857) BM40746 SKIP — already imported
#858 (858) BL20510 SKIP — already imported
#859 (859) BJ45489 SKIP — already imported
#860 (860) BB92037 SKIP — already imported
#861 (861) BM71187 SKIP — already imported
#862 (862) BL53128 SKIP — already imported
#863 (863) BL79123 SKIP — already imported
#864 (864) BL15562 SKIP — already imported
#865 (865) BL69748 SKIP — already imported
#866 (866) ZB71243 SKIP — already imported
#872 (872) ZB71243 SKIP — already imported
#867 (867) BL61172 SKIP — already imported
#868 (868) BJ02335 SKIP — already imported
#869 (869) ZB71415 SKIP — already imported
#870 (870) BM32698 SKIP — already imported
#871 (871) BL43698 SKIP — already imported
#873 (873) BL53128 SKIP — already imported
#874 (874) BE77640 SKIP — already imported
#876 (876) BJ91086 SKIP — already imported
#875 (875) BM47751 SKIP — already imported
#877 (877) BM40746 SKIP — already imported
#878 (878) BK08154 SKIP — already imported
#879 (879) BL15562 SKIP — already imported
#880 (880) ZB71243 SKIP — already imported
#881 (881) BL79123 SKIP — already imported
#882 (882) BN79103 SKIP — already imported
#883 (883) BL13687 SKIP — already imported
#884 (884) BK08154 SKIP — already imported
#885 (885) BM32698 SKIP — already imported
#886 (886) BJ02335 SKIP — already imported
#887 (887) BL64619 SKIP — already imported
#888 (888) BL43698 SKIP — already imported
#889 (889) BL53128 SKIP — already imported
#890 (890) ZB71243 SKIP — already imported
#891 (891) ZB71243 SKIP — already imported
#892 (892) BM40746 SKIP — already imported
#893 (893) BE77640 SKIP — already imported
#894 (894) BK08154 SKIP — already imported
#895 (895) AU51037 SKIP — already imported
#896 (896) BM40746 SKIP — already imported
#898 (898) BM47751 SKIP — already imported
#899 (899) BJ91086 SKIP — already imported
#900 (900) BL79123 SKIP — already imported
#901 (901) AU51037 SKIP — already imported
#902 (902) BK25284 SKIP — already imported
#904 (904) BL05371 SKIP — already imported
#903 (903) BL15562 SKIP — already imported
#905 (905) BL53128 SKIP — already imported
#897 (897) BK47305 SKIP — already imported
#906 (906) BK47305 SKIP — already imported
#907 (907) BK08154 SKIP — already imported
#908 (908) BM70906 SKIP — already imported
#916 (916) BM70906 SKIP — already imported
#909 (909) BL79123 SKIP — already imported
#910 (910) BJ02335 SKIP — already imported
#912 (912) ZB71243 SKIP — already imported
#913 (913) AU51037 SKIP — already imported
#914 (914) BL13687 SKIP — already imported
#915 (915) BL64619 SKIP — already imported
#917 (917) BM32698 SKIP — already imported
#918 (918) BL53128 SKIP — already imported
#919 (919) BL05371 SKIP — already imported
#922 (922) BJ91086 SKIP — already imported
#921 (921) BL61172 SKIP — already imported
#920 (920) BM47751 SKIP — already imported
#911 (911) BK47305 SKIP — already imported
#923 (923) BK08154 SKIP — already imported
#925 (925) AU51037 SKIP — already imported
#926 (926) BN79103 SKIP — already imported
#927 (927) BK25284 SKIP — already imported
#928 (928) BM32698 SKIP — already imported
#930 (930) BL05371 SKIP — already imported
#932 (932) BE77640 SKIP — already imported
#931 (931) BL32974 SKIP — already imported
#924 (924) BM70906 SKIP — already imported
#929 (929) BM70906 SKIP — already imported
#933 (933) BL77059 SKIP — already imported
#942 (942) BL77059 SKIP — already imported
#934 (934) BK08154 SKIP — already imported
#1015 (93) AU51037 SKIP — already imported
#937 (937) BL53128 SKIP — already imported
#938 (938) BM47751 SKIP — already imported
#940 (940) BL15562 SKIP — already imported
#941 (941) BL61172 SKIP — already imported
#943 (943) BL32974 SKIP — already imported
#939 (939) BJ02335 SKIP — already imported
#945 (945) BL05371 SKIP — already imported
#946 (946) BJ91086 SKIP — already imported
#935 (935) BM70906 SKIP — already imported
#944 (944) BM70906 SKIP — already imported
#947 (947) AU51037 SKIP — already imported
#948 (948) BL77059 SKIP — already imported
#954 (954) BL77059 SKIP — already imported
#949 (949) BM71187 SKIP — already imported
#953 (953) BM71187 SKIP — already imported
#962 (962) BM71187 SKIP — already imported
#951 (951) BK08154 SKIP — already imported
#952 (952) BE77640 SKIP — already imported
#956 (956) BJ04455 SKIP — already imported
#957 (957) BJ44244 SKIP — already imported
#958 (958) BL53128 SKIP — already imported
#959 (959) BM32698 SKIP — already imported
#960 (960) BL05371 SKIP — already imported
#961 (961) BM47751 SKIP — already imported
#950 (950) BM70906 SKIP — already imported
#955 (955) BM70906 SKIP — already imported
#964 (964) BN77205 SKIP — already imported
#963 (963) BL61172 SKIP — already imported
#966 (966) BJ04455 SKIP — already imported
#970 (970) BJ04455 SKIP — already imported
#967 (967) BJ02335 SKIP — already imported
#968 (968) BL15562 SKIP — already imported
#969 (969) BL77059 SKIP — already imported
#971 (971) BJ44244 SKIP — already imported
#972 (972) BL05371 SKIP — already imported
#973 (973) BJ91086 SKIP — already imported
#974 (974) BM32698 SKIP — already imported
#965 (965) BM70906 SKIP — already imported
#975 (975) BK08154 SKIP — already imported
#976 (976) BN79103 SKIP — already imported
#978 (978) BL53128 SKIP — already imported
#977 (977) BL77059 SKIP — already imported
#979 (979) BJ04455 SKIP — already imported
#983 (983) BJ04455 SKIP — already imported
#980 (980) BM47751 SKIP — already imported
#981 (981) BL32974 SKIP — already imported
#982 (982) BL61172 SKIP — already imported
#984 (984) BL05371 SKIP — already imported
#985 (985) BM70906 SKIP — already imported
#986 (986) BK08154 SKIP — already imported
#989 (989) BL53128 SKIP — already imported
#990 (990) BL77059 SKIP — already imported
#991 (991) BJ02335 SKIP — already imported
#992 (992) BM32698 SKIP — already imported
#993 (993) BL44101 SKIP — already imported
#994 (994) BJ04455 SKIP — already imported
#996 (996) BN77205 SKIP — already imported
#997 (997) BL05371 SKIP — already imported
#995 (995) BJ02335 SKIP — already imported
#987 (987) BJ87697 SKIP — already imported
#988 (988) BM70906 SKIP — already imported
#998 (998) BK08154 SKIP — already imported
#999 (999) BL44101 SKIP — already imported
#1000 (1000) BL61172 SKIP — already imported
#1001 (1001) BJ04455 SKIP — already imported
#1004 (1004) BJ04455 SKIP — already imported
#1002 (1002) BL53128 SKIP — already imported
#1003 (1003) BF56574 SKIP — already imported
#1005 (1005) BM32698 SKIP — already imported
#1006 (1006) BL44101 SKIP — already imported
#1007 (1007) BL77059 SKIP — already imported
#1008 (1008) BM47751 SKIP — already imported
#1009 (1009) BJ02335 SKIP — already imported
#1010 (1010) BF12726 SKIP — already imported
#1014 (1014) BF12726 SKIP — already imported
#1011 (1011) BK08154 SKIP — already imported
#1012 (1012) BL44101 SKIP — already imported
#1013 (1013) BG46680 SKIP — already imported
