◇ injected env (0) from .env.local // tip: ◈ encrypted .env [www.dotenvx.com]
◇ injected env (4) from .env // tip: ⌘ custom filepath { path: '/custom/path/.env' }
◇ injected env (0) from .env.local // tip: ⌘ suppress logs { quiet: true }
◇ injected env (0) from .env // tip: ⌁ auth for agents [www.vestauth.com]
(node:75722) Warning: SECURITY WARNING: The SSL modes 'prefer', 'require', and 'verify-ca' are treated as aliases for 'verify-full'.
In the next major version (pg-connection-string v3.0.0 and pg v9.0.0), these modes will adopt standard libpq semantics, which have weaker security guarantees.

To prepare for this change:
- If you want the current behavior, explicitly use 'sslmode=verify-full'
- If you want libpq compatibility now, use 'uselibpqcompat=true&sslmode=require'

See https://www.postgresql.org/docs/current/libpq-ssl.html for libpq SSL mode definitions.
(Use `node --trace-warnings ...` to show where the warning was created)
[1/63] BJ87697 ... PASS
[2/63] BK03975 ... PASS
[3/63] BB92037 ... Warning: Required "glyf" table is not found -- trying to recover.
Warning: Required "glyf" table is not found -- trying to recover.
Warning: Required "glyf" table is not found -- trying to recover.
Warning: Required "glyf" table is not found -- trying to recover.
Warning: Required "glyf" table is not found -- trying to recover.
Warning: Required "glyf" table is not found -- trying to recover.
Warning: Required "glyf" table is not found -- trying to recover.
Warning: Required "glyf" table is not found -- trying to recover.
Warning: Required "glyf" table is not found -- trying to recover.
Warning: Required "glyf" table is not found -- trying to recover.
Warning: Required "glyf" table is not found -- trying to recover.
Warning: Required "glyf" table is not found -- trying to recover.
Warning: Required "glyf" table is not found -- trying to recover.
Warning: Required "glyf" table is not found -- trying to recover.
Warning: Required "glyf" table is not found -- trying to recover.
PASS
[4/63] BF12726 ... PASS
[5/63] BH23437 ... PASS
[6/63] BF56574 ... PASS
[7/63] BL44101 ... PASS
[8/63] BJ04455 ... PASS
[9/63] BL32974 ... FAIL employer "CAREGIVERS 4 MOM & DAD" not found in CAC docs; claim manager "FELICIA CLEVENGER" not found in CAC docs; address "294 SEARS RD" not in CAC docs
[10/63] BL13687 ... PASS
[11/63] BM70906 ... PASS
[12/63] BK08154 ... PASS
[13/63] BL53128 ... PASS
[14/63] BJ02335 ... PASS
[15/63] ZB71415 ... FAIL missing: Attending doctor, Claim Manager, Employer name
[16/63] BL61172 ... FAIL employer "WESLEY SAOLE" not found in CAC docs; claim manager "MATTHEW HIDY" not found in CAC docs; doctor "FRIEDMAN ANDREW S MD" not found in CAC docs; address "2223 BENSON RD S APT U101" not in CAC docs
[17/63] BM32698 ... PASS
[18/63] AR78431 ... PASS
[19/63] BL79123 ... PASS
[20/63] BJ03400 ... FAIL missing: Attending doctor, Claim Manager, Employer name, Worker mailing address, Worker residence address, Injury date
[21/63] AU51037 ... FAIL employer "KEN HALES MSANBTL LLC" not found in CAC docs; claim manager "CHANEL RICHARDS" not found in CAC docs; doctor "LOGALBO MATTHEW J MD" not found in CAC docs; address "601 BELMONT AVE E APT #A5 SE" not in CAC docs
[22/63] ZB71243 ... FAIL missing: Attending doctor, Claim Manager, Employer name, Worker mailing address, Worker residence address, Injury date
[23/63] BM26907 ... FAIL missing: Attending doctor, Claim Manager, Employer name, Worker mailing address, Worker residence address, Injury date
[24/63] BN71306 ... FAIL employer "MALLORY SAFETY & SUPPLY LLC" not found in CAC docs; claim manager "TERRI NOLAN" not found in CAC docs; doctor "WESSEL LELAND G MD" not found in CAC docs; address "4119 N FERDINAND STREET" not in CAC docs
[25/63] BM47751 ... FAIL missing: Worker mailing address, Worker residence address
[26/63] BL15562 ... PASS
[27/63] BM40746 ... PASS
[28/63] BM71187 ... PASS
[29/63] BN79103 ... ERROR Could not find the body element: are you sure this is a docx file?
[30/63] BE77640 ... PASS
[31/63] BN77205 ... PASS
[32/63] BL20510 ... PASS
[33/63] BA52296 ... FAIL missing: Attending doctor, Claim Manager, Employer name, Worker mailing address, Worker residence address, Injury date; no CAC PDF found for cross-check
[34/63] BJ91086 ... FAIL missing: Claim Manager
[35/63] BL69890 ... FAIL missing: Injury date
[36/63] BL43698 ... FAIL missing: Attending doctor, Claim Manager, Employer name, Worker mailing address, Worker residence address, Injury date
[37/63] BL77059 ... PASS
[38/63] BM51668 ... PASS
[39/63] BL05371 ... PASS
[40/63] BJ44244 ... PASS
[41/63] BK25284 ... PASS
[42/63] BL69748 ... PASS
[43/63] BJ03038 ... PASS
[44/63] BJ54412 ... FAIL missing: Worker mailing address, Worker residence address
[45/63] BH15269 ... FAIL missing: Worker mailing address, Worker residence address
[46/63] BG74810 ... PASS
[47/63] BJ97198 ... PASS
[48/63] BL64619 ... FAIL missing: Worker mailing address, Worker residence address
[49/63] BG46680 ... PASS
[50/63] BK47305 ... FAIL missing: Attending doctor, Claim Manager, Employer name, Worker mailing address, Worker residence address, Injury date; no CAC PDF found for cross-check
[51/63] BM08580 ... PASS
[52/63] BL69750 ... PASS
[53/63] BN44993 ... PASS
[54/63] ZB62154 ... PASS
[55/63] BH00259 ... FAIL missing: Attending doctor, Claim Manager, Employer name, Worker mailing address, Worker residence address, Injury date
[56/63] ZB44332 ... PASS
[57/63] BP24936 ... PASS
[58/63] BM49430 ... PASS
[59/63] BM37705 ... PASS
[60/63] BN69737 ... ERROR Could not find the body element: are you sure this is a docx file?
[61/63] ZB66774 ... FAIL missing: Attending doctor, Claim Manager, Employer name, Worker mailing address, Worker residence address, Injury date; no CAC PDF found for cross-check
[62/63] BK75175 ... FAIL Steven Sample/BK75175 - Briana Deann Sutherland: Failed to download "Referral Submission" (500).
[63/63] Y965895 ... PASS

Done: 41 pass, 22 fail (63 total)
Results: scripts/import-all-results.json

Failures:
  BL32974: employer "CAREGIVERS 4 MOM & DAD" not found in CAC docs; claim manager "FELICIA CLEVENGER" not found in CAC docs; address "294 SEARS RD" not in CAC docs
  ZB71415: missing: Attending doctor, Claim Manager, Employer name
  BL61172: employer "WESLEY SAOLE" not found in CAC docs; claim manager "MATTHEW HIDY" not found in CAC docs; doctor "FRIEDMAN ANDREW S MD" not found in CAC docs; address "2223 BENSON RD S APT U101" not in CAC docs
  BJ03400: missing: Attending doctor, Claim Manager, Employer name, Worker mailing address, Worker residence address, Injury date
  AU51037: employer "KEN HALES MSANBTL LLC" not found in CAC docs; claim manager "CHANEL RICHARDS" not found in CAC docs; doctor "LOGALBO MATTHEW J MD" not found in CAC docs; address "601 BELMONT AVE E APT #A5 SE" not in CAC docs
  ZB71243: missing: Attending doctor, Claim Manager, Employer name, Worker mailing address, Worker residence address, Injury date
  BM26907: missing: Attending doctor, Claim Manager, Employer name, Worker mailing address, Worker residence address, Injury date
  BN71306: employer "MALLORY SAFETY & SUPPLY LLC" not found in CAC docs; claim manager "TERRI NOLAN" not found in CAC docs; doctor "WESSEL LELAND G MD" not found in CAC docs; address "4119 N FERDINAND STREET" not in CAC docs
  BM47751: missing: Worker mailing address, Worker residence address
  BN79103: Could not find the body element: are you sure this is a docx file?
  BA52296: missing: Attending doctor, Claim Manager, Employer name, Worker mailing address, Worker residence address, Injury date; no CAC PDF found for cross-check
  BJ91086: missing: Claim Manager
  BL69890: missing: Injury date
  BL43698: missing: Attending doctor, Claim Manager, Employer name, Worker mailing address, Worker residence address, Injury date
  BJ54412: missing: Worker mailing address, Worker residence address
  BH15269: missing: Worker mailing address, Worker residence address
  BL64619: missing: Worker mailing address, Worker residence address
  BK47305: missing: Attending doctor, Claim Manager, Employer name, Worker mailing address, Worker residence address, Injury date; no CAC PDF found for cross-check
  BH00259: missing: Attending doctor, Claim Manager, Employer name, Worker mailing address, Worker residence address, Injury date
  BN69737: Could not find the body element: are you sure this is a docx file?
  ZB66774: missing: Attending doctor, Claim Manager, Employer name, Worker mailing address, Worker residence address, Injury date; no CAC PDF found for cross-check
  BK75175: Steven Sample/BK75175 - Briana Deann Sutherland: Failed to download "Referral Submission" (500).
