DRY RUN
Listing Drive session folders…

active: 14 client folders

closed: 12 client folders

maria-bm08580: 1 client folders
Found 153 session folders with 197 clinical session documents
Applied invoice numbers from cache for 153 session folders
#100 AW17192 SKIPPED (all 2 doc(s) already linked) → SOAP AW17192 Milton Smith 3.30.25.pdf, PHQ-4 AW17192 Milton Smith 3.30.25 3pm.pdf
#101 AW17192 SKIPPED (all 1 doc(s) already linked) → SOAP AW17192 Milton Smith 4.5.25 10 am.pdf
#103 BM35909 SKIPPED (all 2 doc(s) already linked) → PHQ-4 K. Ordway  4.7.25 530.pdf, SOAP K Ordway  4.7.25 530.pdf
#105 AW17192 SKIPPED (all 1 doc(s) already linked) → SOAP AW17192 Milton Smith 4.12.2025.pdf
#106 AW17192 SKIPPED (all 1 doc(s) already linked) → SOAP AW17192 Milton Smith 4.20.25 4;00pm.pdf
#107 BM35909 SKIPPED (all 1 doc(s) already linked) → SOAP K.Ordway 4.14.25 530.pdf
#108 BM35909 SKIPPED (all 1 doc(s) already linked) → SOAP K.Ordway 4.21.25 5;30pm.pdf
#109 AW17192 SKIPPED (all 1 doc(s) already linked) → SOAP AW17192 Milton Smith 4.27.25.pdf
#110 AY83414 SKIPPED (all 3 doc(s) already linked) → PHQ-4 AY83414 Ken Pryor 5.4.2025.pdf, GCPS AY83414 Ken pryor 5.4.25.pdf, SOAP AY83414 Ken Pryor 5.4.25.pdf
#111 BM35909 SKIPPED (all 1 doc(s) already linked) → SOAP K.Ordway 5.5.25 5;30pm.pdf
#112 BM50321 SKIPPED (all 3 doc(s) already linked) → SOAP BM50321 Cory Burson5.8.25 6;30.pdf, PHQ-4 BM50321 Cory Burson 5.8.25 630 pm.pdf, GCPS BM50321 Cory Burson 630pm.pdf
#113 BM17605 SKIPPED (all 3 doc(s) already linked) → PHQ-4 Tareyn Jones BM17605 6;00pm.pdf, SOAP Tareyn Jones BM17605 6;00pm.pdf, GCPS Tareyn Jones BM17605 6;00pm.pdf
#114 AY83414 SKIPPED (all 1 doc(s) already linked) → SOAP AY83414 Ken Pryor 5.11.25 7;00pm.pdf
#115 BM35909 SKIPPED (all 1 doc(s) already linked) → SOAP K. Ordway BM35909 5.12.2025 530.pdf
#116 BL00889 SKIPPED (all 3 doc(s) already linked) → PHQ-4 E.Pierson BL00889 700pm.pdf, SOAP E. pierson BL00889 700pm.pdf, 2 item GCPS E. Pierson BL00889 700pm.pdf
#117 AW17192 SKIPPED (all 1 doc(s) already linked) → SOAP AW17192 Milton Smith 5.14.25. 6;00pm.pdf
#118 BM35909 SKIPPED (all 1 doc(s) already linked) → SOAP K.Ordway BM35909 5.19.25 5;30pm.pdf
#119 AW17192 SKIPPED (all 1 doc(s) already linked) → SOAP AW17192 Milton Smith 5.21.2025.pdf
#120 AY83414 SKIPPED (all 1 doc(s) already linked) → SOAP AY83414 Ken Pryor 5.23.25.pdf
#121 BM17605 SKIPPED (all 1 doc(s) already linked) → SOAP Tareyn Jones BM17605 600pm.pdf
#122 BM17605 SKIPPED (all 1 doc(s) already linked) → SOAP T. Jones BM17605 6.29.25 6pm.pdf
#123 AW17192 SKIPPED (all 1 doc(s) already linked) → SOAP AW17192 Milton Smith 5.31.25.pdf
#124 BA25824 SKIPPED (all 3 doc(s) already linked) → SOAP BA25824 J.Munoz 5.31.25 1100 a,m.pdf, PHQ-4 BA25824 J. Munoz 5. 31. 25 11;00am.pdf, 2 item GCPS BA25824 J.Munoz 5.31.25 1100 am.pdf
#125 AY83414 SKIPPED (all 1 doc(s) already linked) → SOAP AY83414 K. Pryor 6.1.25 500pm.pdf
#126 BM35909 SKIPPED (all 1 doc(s) already linked) → SOAP K.Ordway BM35909 6.2.2025.pdf
#127 BA25824 SKIPPED (all 1 doc(s) already linked) → SOAP BA25824 J.Munoz 6.5.25 6pm.pdf
#128 AW17192 SKIPPED (all 3 doc(s) already linked) → SOAP AW17192 M. Smith 10 am 6.7.25.pdf, PHQ-4 AW17192 M, Smith 10 am 6.7.2025.pdf, GCPS AW17192 M. Smith 10 am 6.7.2025.pdf
#129 AY83414 SKIPPED (all 1 doc(s) already linked) → SOAP AY83414 K. Pryor 6.8.25 500pm.pdf
#130 BM35909 SKIPPED (all 1 doc(s) already linked) → SOAP K. Ordway BM35909 6.9.25 5;30.pdf
#131 BA25824 SKIPPED (all 1 doc(s) already linked) → SOAP BA25824 J Munoz 6.12.2025 6;00pm.pdf
#132 AW17192 SKIPPED (all 1 doc(s) already linked) → SOAP AW17192 M. Smith 6.14.25 10am.pdf
#133 BK75175 SKIPPED (all 3 doc(s) already linked) → SOAP BK75175 B. Sutherland 6.14.25 7;00.pdf, PHQ-4 BK75175 B. Sutherland 6.13.25 700pm.pdf, GCPS BK75175 B. Sutherland 6.14.25 700pm.pdf
#134 BL00889 SKIPPED (all 1 doc(s) already linked) → SOAP E Pierson BL00889 500pm.pdf
#135 BM35909 SKIPPED (all 1 doc(s) already linked) → SOAP K. Ordway BM35909 6.19.25 530pm.pdf
#136 BA25824 SKIPPED (all 1 doc(s) already linked) → SOAP BA25824nJ.Munoz 6.21.25 1000am.pdf
#137 AW17192 SKIPPED (all 1 doc(s) already linked) → SOAP AW17192 M. Smity 6.22.25 3;00pm.pdf
#138 AY83414 SKIPPED (all 1 doc(s) already linked) → SOAP AY83414 K.Pryor 6.22.25 600pm.pdf
#139 AW17192 SKIPPED (all 1 doc(s) already linked) → SOAP AW17192 M.Smith 6.28.25 10;00am.pdf
#140 BM17605 SKIPPED (all 1 doc(s) already linked) → SOAP T. Jones BM17605 6.29.25 6pm.pdf
#141 BK75175 SKIPPED (all 1 doc(s) already linked) → SOAP BK75175 B. Sutherland 7.2.2025.pdf
#142 BA25824 SKIPPED (all 1 doc(s) already linked) → SOAP BA25824 J. Munoz 7.5.25 900am.pdf
#143 BK75175 SKIPPED (all 1 doc(s) already linked) → SOAP BK75175 B. Sutherland 7.9.25 530pm.pdf
#144 BM17605 SKIPPED (all 1 doc(s) already linked) → SOAP T.Jones BMI7605 7.9.25 630pm.pdf
#145 BA25824 SKIPPED (all 1 doc(s) already linked) → SOAP BA25842 J. Munoz, 7.12.25 9;00 am.pdf
#146 BM17605 SKIPPED (all 1 doc(s) already linked) → SOAP T.Joned BM17605 7.16.2025 630pm.pdf
#147 BK75175 SKIPPED (all 1 doc(s) already linked) → SOAP BK75175 B. Sutherland 7.18.25 600pm.pdf
#148 BA25824 SKIPPED (all 1 doc(s) already linked) → SOAP BA25842 7.19.25 900am.pdf
#149 BK75175 SKIPPED (all 1 doc(s) already linked) → SOAP BK75175 B Sutherland 7.25.25 600pm.pdf
#150 BA25824 SKIPPED (all 3 doc(s) already linked) → 2itemGCPS BA25842 J, Munoz 7.26.25 900am.pdf, SOAP BA25842 J. Munoz 7.26.25 900am.pdf, PHQ-4 BA25842 J Munoz 7.26.25 900am.pdf
#151 BN69737 SKIPPED (all 3 doc(s) already linked) → GCPS BN69737 E.Shulze 7.27.25 600pm.pdf, PHQ-4 BN69737 E, shulze 7.27.25 600pm.pdf, SOAP BN69737 E Shulze 7.27.25 600pm.pdf
#152 BK75175 SKIPPED (all 1 doc(s) already linked) → SOAP BK75175 B. Sutherland 8.2.25 300pm.pdf
#153 BN69737 SKIPPED (all 1 doc(s) already linked) → SOAP BN69737 E Shulze 8.3.25 600pm.pdf
#154 BA25824 SKIPPED (all 1 doc(s) already linked) → SOAP BA25842 J Munoz 8.7.25 6;00pm.pdf
#155 BK75175 SKIPPED (all 1 doc(s) already linked) → SOAP BK75175 B Sutherland 8.8.25 600pm.pdf
#156 BN69737 SKIPPED (all 1 doc(s) already linked) → SOAP BN69737 E Schulze 8.13.25 830am.pdf
#157 BN69737 SKIPPED (all 1 doc(s) already linked) → SOAP BN69737 E. Shulze 8.17.25 630p.m.pdf
#158 BM37705 SKIPPED (all 3 doc(s) already linked) → PHQ-4 BM37705. M Roblando 8.18.2025 630pm.pdf, SOAP BM37705 M. Roblando 8.18.25 630pm.pdf, GGCPS BM37705 M Roblando 6.18.25. 630pm.pdf
#159 BM49430 SKIPPED (all 2 doc(s) already linked) → PHQ-4 BM49430 D Anderson, 8.20.25 530pm.pdf, SOAP BM49430 D. Anderson 8.20.25 530pm.pdf
#160 BA25824 SKIPPED (all 1 doc(s) already linked) → SOAP BA25842 J Munoz 8.23.2025 900am.pdf
#161 BK75175 SKIPPED (all 2 doc(s) already linked) → PHQ-4 BK75175 B Sutherland 8.23.25 1200pm.pdf, SOAP BK75175 B Sutherland 8.23.25 1200pm.pdf
#162 BN69737 MISSING FOLDER
#163 BM37705 SKIPPED (all 1 doc(s) already linked) → SOAP BM37705 M Roblando 8.25.25 630pm.pdf
#164 BM49430 SKIPPED (all 1 doc(s) already linked) → SOAP BM49430 D. Anderson 8.27.25 530 pm.pdf
#165 BK75175 SKIPPED (all 1 doc(s) already linked) → SOAP BK75175 B Sutherland 8.30.2925 1200 pm.pdf
#166 BN69737 SKIPPED (all 1 doc(s) already linked) → SOAP BN69737 E Shulze 8.31.25 500pm.pdf
#167 BM49430 SKIPPED (all 1 doc(s) already linked) → SOAP BM49430 D. Anderson 9.3.25 530pm.pdf
#168 AZ48910 SKIPPED (all 2 doc(s) already linked) → PHQ-4 AZ48910 C. Hoyt 9.3.25 630pm.pdf, SOAP AZ48910 C Hoyt 9.3.25 630pm.pdf
#169 BK75175 SKIPPED (all 1 doc(s) already linked) → SOAP BK75175 B Sutherland 9.6.2025 1030 am.pdf
#170 BM37705 SKIPPED (all 1 doc(s) already linked) → SOAP BM37705 M Roblando 9.7.25 530pm.pdf
#171 BN69737 SKIPPED (all 1 doc(s) already linked) → SOAP BN69737 E Shulze 9.7.25 630pm.pdf
#172 BM37705 SKIPPED (all 1 doc(s) already linked) → SOAP BM37705 M Roblando 9.8.25 630pm.pdf
#173 AZ48910 SKIPPED (all 1 doc(s) already linked) → SOAP AZ48910 C Hoyt 9.10.25 630pm.pdf
#174 BM49430 SKIPPED (all 1 doc(s) already linked) → SOAP BM49430 D. Anderson 9.12.25 6;00pm.pdf
#175 BN69737 SKIPPED (all 3 doc(s) already linked) → GCPS BN69737 E Shulze 9.14.25 530pm.pdf, PHQ-4 BN697373 E Schulze 9.14.25 530pm.pdf, SOAP BN697373 E Shulze 914.2025 530pm.pdf
#176 BM37705 SKIPPED (all 1 doc(s) already linked) → SOAP BM37705 M Roblando 915.25 630pm.pdf
#177 AZ48910 SKIPPED (all 1 doc(s) already linked) → SOAP AZ48910 C Hoyt 9.17.25 530 pm.pdf
#178 BK75175 SKIPPED (all 1 doc(s) already linked) → SOAP BK75175 B. Sutherland 9.20.2025 9.20.25 1200pm.pdf
#179 BM49430 SKIPPED (all 1 doc(s) already linked) → SOAP BM49430 D. Anderson 9.20.25 430pm.pdf
#180 BN69737 SKIPPED (all 1 doc(s) already linked) → SOAP BN697373 E Shulze 9.21.25 400pm.pdf
#181 BM37705 SKIPPED (all 1 doc(s) already linked) → SOAP BM37705 M Roblando 9.24.25 230pm.pdf
#182 BM49430 SKIPPED (all 1 doc(s) already linked) → SOAP BM49430 D, Anderson 9.27.25 730pm.pdf
#183 BM37705 SKIPPED (all 1 doc(s) already linked) → SOAP BM37705 M Roblando 9.29.25 730pm.pdf
#184 BK75175 SKIPPED (all 1 doc(s) already linked) → SOAP BK75175 B Sutherland 10.4. 25 1230pm.pdf
#185 BM49430 SKIPPED (all 1 doc(s) already linked) → SOAP BM49430 D. Anderson 10.05.25 630pm.pdf
#186 BN69737 SKIPPED (all 1 doc(s) already linked) → SOAP BN697373 E Shulze 10.6.2025 1100am.pdf
#187 BM37705 SKIPPED (all 2 doc(s) already linked) → SOAP BM37705 M Roblando 10.6.25 630pm.pdf, PHQ-4 BM37705 M,Roblando 10.6.25 630pm.pdf
#188 BN69737 SKIPPED (all 1 doc(s) already linked) → SOAP BN697373 E Schulze 10.12.25 330pm.pdf
#189 BM37705 SKIPPED (all 1 doc(s) already linked) → SOAP BM37705 M. Roblando 10.15.25 400pm.pdf
#190 BM49430 SKIPPED (all 2 doc(s) already linked) → SOAP BM49430 D Anderson 10.16.2025 1200pm.pdf, PHQ-4 BM49430 D. Anderson 10.16.2025 1200pm.pdf
#191 BK75175 SKIPPED (all 1 doc(s) already linked) → SOAP BK75175 B Sutherland 1019.25 400pm.pdf
#192 BM49430 SKIPPED (all 1 doc(s) already linked) → SOAP BM49430 D. Anderson 10.25.25 230pm.pdf
#193 BM37705 MISSING FOLDER
#194 BM49430 SKIPPED (all 1 doc(s) already linked) → SOAP BM49430 D. Anderson 11.1.25 400pm.pdf
#195 BN69737 SKIPPED (all 1 doc(s) already linked) → SOAP BN697373 E Shulze, 11.3.25 1030am.pdf
#196 BM37705 SKIPPED (all 1 doc(s) already linked) → SOAP BM37705 M Roblando 11.3.25 600pm.pdf
#197 BM49430 SKIPPED (all 1 doc(s) already linked) → SOAP BM49430 D. Anderson 11.10.25 600pm.pdf
#198 BK75175 SKIPPED (all 1 doc(s) already linked) → SOAP BK75175 B Sutherland 11.15.25 100pm.pdf
#199 BM37705 SKIPPED (all 1 doc(s) already linked) → SOAP BM37705 M Roblando 11.15.25 330pm.pdf
#200 BM49430 SKIPPED (all 1 doc(s) already linked) → SOAP BM49430 D. Anderson 11.16.25 530pm.pdf
#201 BN69737 SKIPPED (all 1 doc(s) already linked) → SOAP BN697373 E Shulze 11.17.25 730pm.pdf
#202 BM49430 SKIPPED (all 1 doc(s) already linked) → SOAP BM49430 D. Anderon 11.22.25 630pm.pdf
#203 BM37705 SKIPPED (all 1 doc(s) already linked) → SOAP BM37705 M Roblando 11.23.25 530pm.pdf
#204 BP24936 MISSING FOLDER
#205 BN69737 SKIPPED (all 1 doc(s) already linked) → SOAP BN697373 E Schulze 11.30.25 600pm.pdf
#206 BK75175 SKIPPED (all 1 doc(s) already linked) → SOAP BK75175 B Sutherland 12.6.25 1200pm.pdf
#207 BM49430 MISSING FOLDER
#208 BP24936 SKIPPED (all 1 doc(s) already linked) → SOAP BP24936 M Wallace 12.8.25 600pm.pdf
#209 BM37705 SKIPPED (all 1 doc(s) already linked) → SOAP BM37705 M Roblando 12.10.25 1230pm.pdf
#210 BM49430 MISSING FOLDER
#211 BN69737 SKIPPED (all 1 doc(s) already linked) → SOAP BN697373 E Schulze 12.14.25 230pm.pdf
#212 BP24936 SKIPPED (all 1 doc(s) already linked) → SOAP BP24936 M Wallace 12.19.25 600pm.pdf
#213 BK75175 SKIPPED (all 2 doc(s) already linked) → PHQ-4 BK75175 B Sutherland 12.20.25 500pm.pdf, SOAP BK75175 B Sutherland 12.20.25 500pm.pdf
#214 BM37705 SKIPPED (all 1 doc(s) already linked) → SOAP BM37705 M Roblando 12.21.25 330pm.pdf
#215 BN69737 SKIPPED (all 3 doc(s) already linked) → GCPS BN69737 E Schulze 12.22.25 530pm.pdf, PHQ-4 BN69737 E Schulze 12.22.25 530pm.pdf, SOAP BN697373 E Schulze 12,22,25 530pm.pdf
#216 BP24936 SKIPPED (all 1 doc(s) already linked) → SOAP BP24936 12.22.25 630pm.pdf
#217 BP24936 SKIPPED (all 1 doc(s) already linked) → SOAP BP24936 M Wallace 12.29.25 630pm.pdf
#218 BP24936 SKIPPED (all 1 doc(s) already linked) → SOAP BP24936 M Wallace 1.7.26 630 pm.pdf
#219 BH00259 SKIPPED (all 3 doc(s) already linked) → 2 item CGCPS BH00259  E Harris 6;30pm.pdf, PHQ-4 BH000259 E . Harris 630pm.pdf, SOAP BH00259 E Harris 630 pm.pdf
#220 ZB62154 MISSING FOLDER
#221 BH00259 MISSING FOLDER
#222 BH00259 SKIPPED (all 1 doc(s) already linked) → SOAP BH00259 E Davis 1.28.26  630pm (2).pdf
#223 ZB62154 SKIPPED (all 1 doc(s) already linked) → SOAP ZB62154 S Gore 1,29.26 600pm.pdf
#224 BK75175 MISSING FOLDER
#225 BP24936 MISSING FOLDER
#226 BH00259 SKIPPED (all 1 doc(s) already linked) → SOAP BH00259 E Davis 2.4.26 630pm.pdf
#227 BH00259 SKIPPED (all 1 doc(s) already linked) → SOAP BH00258 E Davis 2.11.26 630pm.pdf
#228 ZB62154 SKIPPED (all 1 doc(s) already linked) → SOAP ZB62154 S Gore 2.12.26 630pm.pdf
#229 BH00259 SKIPPED (all 1 doc(s) already linked) → SOAP BH00258 E David 2.18.26 630pm.pdf
#230 ZB62154 SKIPPED (all 1 doc(s) already linked) → SOAP ZB62154 S Gore, 2.19.26 600pm.pdf
#231 BN44993 SKIPPED (all 3 doc(s) already linked) → SOAP BN44993 J Pretre 2.21.26 900am.pdf, PHQ-4 BN44993 J. Pretre 2.21.26 900am.pdf, GCPS BN44993 J Pretre 2.21.26 900am.pdf
#232 BL69750 SKIPPED (all 3 doc(s) already linked) → SOAP BL69750 K Cavanaugh 2.21.26 430pm.pdf, PHQ-4 BL69750 K Cavanaugh 2.21.26 430pm.pdf, GCPS BL69750 K Cavanaugh 2.21.26 430pm.pdf
#233 BK75175 SKIPPED (all 1 doc(s) already linked) → SOAP BK75175 B Sutherland 2,23,26 6;00pm.pdf
#234 BH00259 SKIPPED (all 1 doc(s) already linked) → SOAP BH00258 E Davis 2.25.26 630pm.pdf
#235 ZB62154 SKIPPED (all 1 doc(s) already linked) → SOAP ZB62154 S Gore 3.5.26 600pm.pdf
#236 BH00259 SKIPPED (all 2 doc(s) already linked) → SOAP BH00259 E Davis 3.11.26 630pm.pdf, PHQ-4 BH200259 E Davis 3,11,26 630pm.pdf
#237 ZB62154 SKIPPED (all 1 doc(s) already linked) → SOAP Zb62154 S Gore 3.12.26 600pm.pdf
#238 BK75175 SKIPPED (all 1 doc(s) already linked) → SOAP BK75175 B Sutherland 3.15.26 300pm.pdf
#239 BL69750 SKIPPED (all 1 doc(s) already linked) → SOAP BL69750 K Cavanaugh 3.16.26 600pm.pdf
#240 BH00259 SKIPPED (all 1 doc(s) already linked) → SOAP BH00259 E Davis 3.18.26 630pm.pdf
#241 BL69750 SKIPPED (all 1 doc(s) already linked) → SOAP BL69750 K Cavanaugh 3.30.26 630pm.pdf
#242 ZB62154 SKIPPED (all 1 doc(s) already linked) → SOAP ZB62154 S Gore 4.2.26 600pm.pdf
#243 BK75175 SKIPPED (all 1 doc(s) already linked) → SOAP BK75175 B Sutherland 4.6.26 6 ;30pm.pdf
#244 ZB62154 SKIPPED (all 3 doc(s) already linked) → GCPS ZB62154 S Gore 4.9.2026 600pm.pdf, PHQ-4 ZB62154 S Gore 4.9.2026 600pm.pdf, SOAP ZB62154 S Gore 4.9.26 600pm.pdf
#245 BK75175 SKIPPED (all 1 doc(s) already linked) → SOAP BK75175 B Sutherland 4.13.26 6;30pm.pdf
#246 BH00259 SKIPPED (all 1 doc(s) already linked) → SOAP BH00259 E Davis 4.15.26 630 pm.pdf
#247 BK75175 SKIPPED (all 1 doc(s) already linked) → SOAP BK75175 B Sutherlan 4.20.2026 630pm.pdf
#248 ZB62154 SKIPPED (all 1 doc(s) already linked) → SOAP ZB62154 S Gore600pm 4.30.26 600pm.pdf
#249 BK75175 SKIPPED (all 1 doc(s) already linked) → SOAP BK75175 B Sutherland 5.4.26 630pm.pdf
#250 BH00259 SKIPPED (all 1 doc(s) already linked) → SOAP BH00259 E Davis 5.6.26 630pm.pdf
#251 BL69750 SKIPPED (all 1 doc(s) already linked) → SOAP BL69750 K Cavanaugh 5.11.2026 600pm.pdf
#252 BH00259 SKIPPED (all 1 doc(s) already linked) → SOAP BH00259 E Davis 5.20.26 630pm.pdf
#253 ZB62154 SKIPPED (all 1 doc(s) already linked) → SOAP ZB62154 S Gore 5. 21. 26 600pm.pdf
#254 BH00259 SKIPPED (all 1 doc(s) already linked) → SOAP BH00259 E Davis 5.27.26 630pm.pdf
#255 BL69750 SKIPPED (all 1 doc(s) already linked) → SOAP BL69750 K Cavanaugh 6.1.26 600pm.pdf
#256 ZB62154 SKIPPED (all 1 doc(s) already linked) → SOAP ZB62154 S Gore 6.11.26 600pm.pdf
#257 BH00259 SKIPPED (all 1 doc(s) already linked) → SOAP BH00259 E Davis 6.17.26 530pm.pdf
#258 BM08580 SKIPPED (all 3 doc(s) already linked) → PHQ-4 BM08580 6.18.26 Heather W 600pm.pdf, SOAP BM08580 6.18.26 Heather W 600pm.pdf, 2 item GCPS BM08580 Heather W 6.18.26.pdf
#259 BM08580 SKIPPED (all 1 doc(s) already linked) → SOAP BM08580 6.21.26 Heather W 6.21.26 400pm.pdf
#260 BK75175 SKIPPED (all 2 doc(s) already linked) → PHQ-4 BK75175 B Sutherland 6.26.26 630pm.pdf, SOAP BK75175 B Sutherland 6.26.26 630pm.pdf
#261 BL69750 SKIPPED (all 1 doc(s) already linked) → SOAP BL69750 K Cavanaugh  7.1.26 530pm.pdf
#262 BH00259 SKIPPED (all 1 doc(s) already linked) → SOAP BH00259 E Davis 7.1.26 630pm.pdf
#263 ZB62154 SKIPPED (all 1 doc(s) already linked) → SOAP ZB62154 S Gore 7.2.26 600pm.pdf