LIVE RUN
Listing Drive invoice PDFs with links…

active: 48 client folders

closed: 101 client folders
Found 1010 invoice PDFs in Drive
Applied invoice numbers from cache for 289/1010 PDFs
OCR for 721 PDFs without invoice number…
  OCR FAIL BM08580/6-21-26/Invoice BM08580 6.21.26 Heather W 6.21. 26 400pm.pdf
  OCR FAIL BM08580/6-18-26/Invoice BM08580 6.18.26 Heather W 600pm.pdf
  OCR ERROR INVOICE. BM51668. Francisca Lopez Chavez. 12.9.25.pdf: Failed to download "INVOICE. BM51668. Francisca Lopez Chavez. 12.9.25.pdf" (403).
  OCR FAIL ZB63633/9-17-24/INVOICE. ZB63633. Jonas Allen. 9.17.24.pdf
  OCR FAIL BH16064//Invoice -Espinosa-Davilman.pdf
OCR parsed invoice numbers for 716 PDFs
#1 BH63363 LINKED → INVOICE - BH63363. Sergio LQ.pdf
#2 AR26887 MISSING PDF
#3 BH63363 MISSING PDF
#4 BL65171 MISSING PDF
#5 ZB63633 MISSING PDF
#6 AR26887 LINKED → L&I INVOICE - AR26887 Nicole Sanchez 3.20.24.pdf
#7 BL02608 LINKED → L&I INVOICE - BL02608 Jose Milanez Moreno 3.21.24.pdf
#8 BH63363 LINKED → INVOICE - BH63363. Sergio LQ 3.22.24.pdf
#9 BK97115 LINKED → L&I INVOICE - BK97115 Geremias Perez 3.22.24.pdf
#10 BL65171 LINKED → L&I INVOICE - BL65171 Raquel Petersen 3.22.24.pdf
#11 AR26887 LINKED → L&I INVOICE - AR26887 Nicole Sanchez 3.27.24.pdf
#12 BK97115 LINKED → L&I INVOICE - BK97115 Geremias Perez 3.28.24.pdf
#13 BH63363 LINKED → INVOICE - BH63363. Sergio LQ 3.29.24.pdf
#14 BL65171 LINKED → L&I INVOICE - BL65171 Raquel Petersen 3.29.24.pdf
#15 BL02608 LINKED → L&I INVOICE - BL02608 Jose Milanez Moreno 4.2.24.pdf
#16 AR26887 LINKED → L&I INVOICE - AR26887 Nicole Sanchez 4.3.24.pdf
#17 BK97115 LINKED → L&I INVOICE - BK97115 Geremias Perez 4.4.24.pdf
#18 ZB63633 LINKED → INVOICE - ZB63633. Jonas Allen - 4.4.2024.pdf
#19 BH63363 LINKED → INVOICE - BH63363. Sergio LQ 4.5.24.pdf
#20 BL65171 LINKED → L&I INVOICE - BL65171 Raquel Petersen 4.5.24.pdf
#21 AR26887 LINKED → L&I INVOICE - AR26887 Nicole Sanchez 4.10.24.pdf
#22 BK97115 LINKED → L&I INVOICE - BK97115 Geremias Perez 4.11.24.pdf
#23 BH63363 LINKED → INVOICE - BH63363. Sergio LQ 4.12.24.pdf
#24 BL84433 LINKED → Invoice. BL84433. Janet Swisher 4.15.24.pdf
#25 BL02608 LINKED → L&I INVOICE - BL02608 Jose Milanez Moreno 4.16.24.pdf
#26 ZB63633 LINKED → INVOICE - ZB63633. Jonas Allen - 4.18.2024.pdf
#27 BL65171 LINKED → L&I INVOICE - BL65171 Raquel Petersen 4.19.24.pdf
#28 BL84433 LINKED → Invoice. BL84433. Janet Swisher 4.22.24.pdf
#29 AR26887 LINKED → L&I INVOICE - AR26887 Nicole Sanchez 4.24.24.pdf
#30 BK97115 LINKED → L&I INVOICE - BK97115 Geremias Perez 4.25.24.pdf
#31 BH63363 LINKED → INVOICE - BH63363. Sergio L Quinones 4.26.24.pdf
#32 BL65171 LINKED → L&I INVOICE - BL65171 Raquel Petersen 4.26.24.pdf
#33 BL84433 LINKED → Invoice. BL84433. Janet Swisher 4.29.24.pdf
#34 BK76913 LINKED → L&I INVOICE - BK76913 Teresia Njeri 4.29.24.pdf
#35 AR26887 LINKED → L&I INVOICE - AR26887 Nicole Sanchez 5.1.24.pdf
#36 ZB63633 LINKED → INVOICE - ZB63633. Jonas Allen - 5.2.2024.pdf
#37 BL84433 LINKED → Invoice. BL84433. Janet Swisher 5.7.24.pdf
#38 BK94064 LINKED → L&I INVOICE - BK94064 David Wiggins 5.8.24.pdf
#39 BK76913 LINKED → L&I INVOICE - BK76913 Teresia Njeri 5.8.24.pdf
#40 AR26887 LINKED → L&I INVOICE - AR26887 Nicole Sanchez 5.8.24.pdf
#41 BK97115 MISSING PDF
#42 BH63363 LINKED → INVOICE - BH63363. Sergio L Quinones 5.10.24.pdf
#43 BL84433 LINKED → Invoice. BL84433. Janet Swisher 5.13.24.pdf
#44 BL02608 LINKED → L&I INVOICE - BL02608 Jose Milanez Moreno 5.14.24.pdf
#45 BL65171 LINKED → L&I INVOICE - BL65171 Raquel Petersen 5.14.24.pdf
#46 BK94064 LINKED → L&I INVOICE - BK94064 David Wiggins 5.15.24.pdf
#47 BF01603 LINKED → L&I INVOICE - BF01603 Daniel Ramirez-Hernanadez 5.15.24.pdf
#48 ZB63633 LINKED → INVOICE - ZB63633. Jonas Allen - 5.16.2024.pdf
#49 BL84433 LINKED → Invoice. BL84433. Janet Swisher 5.20.24.pdf
#50 BK76913 LINKED → L&I INVOICE - BK76913 Teresia Njeri 5.20.24.pdf
#51 BH92547 LINKED → L&I INVOICE - 5.22.24 - Roggier Cruz Mercado BH92547.pdf
#52 BK94064 LINKED → L&I INVOICE - BK94064 David Wiggins 5.22.24.pdf
#53 AR26887 LINKED → L&I INVOICE - AR26887 Nicole Sanchez 5.22.24.pdf
#54 ZB63633 LINKED → INVOICE - ZB63633. Jonas Allen - 5.23.2024.pdf
#55 BK97115 LINKED → L&I INVOICE - BK97115 Geremias Perez 5.23.24.pdf
#56 BH63363 LINKED → INVOICE - BH63363. Sergio L Quinones 5.24.24.pdf
#57 BH01635 LINKED → INVOICE - BH01635. Rick Riley 5.24.24.pdf
#58 BL65171 LINKED → L&I INVOICE - BL65171 Raquel Petersen 5.24.24.pdf
#59 BL02608 LINKED → L&I INVOICE - BL02608 Jose Milanez Moreno 5.28.24.pdf
#60 BL84433 LINKED → Invoice. BL84433. Janet Swisher 5.28.24.pdf
#61 BH92547 LINKED → L&I INVOICE - BH92547. Roggier Cruz Mercado 5.29.24.pdf
#62 ZB31901 LINKED → L&I INVOICE - ZB31901. Jesse Parker 5.29.24.pdf
#63 ZB63633 LINKED → INVOICE - ZB63633. Jonas Allen - 5.30.2024.pdf
#64 BD45091 LINKED → L&I INVOICE. BD45091. Leoncio Gaitan. 5.30.24.pdf
#65 BH01635 LINKED → INVOICE - BH01635. Rick Riley 5.31.24.pdf
#66 BL65171 LINKED → L&I INVOICE - BL65171 Raquel Petersen 5.31.24.pdf
#67 BL84433 LINKED → Invoice. BL84433. Janet Swisher 6.3.24.pdf
#69 BH92547 LINKED → L&I INVOICE - BH92547. Roggier Cruz Mercado   6.5.24.pdf
#70 ZB31901 LINKED → L&I INVOICE - ZB31901. Jesse Parker 6.5.24.pdf
#71 AR26887 LINKED → L&I INVOICE. AR26887. Nicole Sanchez  6.5.24.pdf
#72 ZB63633 LINKED → INVOICE - ZB63633. Jonas Allen. 6.6.2024.pdf
#73 BK97115 LINKED → L&I INVOICE - BK97115 Geremias Perez 6.6.24.pdf
#74 BH63363 LINKED → INVOICE - BH63363. Sergio L Quinones 6.7.24.pdf
#75 BH01635 LINKED → INVOICE - BH01635. Rick Riley 6.7.24.pdf
#76 BL65171 LINKED → L&I INVOICE - BL65171 Raquel Petersen 6.7.24.pdf
#77 BL84433 LINKED → Invoice. BL84433. Janet Swisher 6.10.24.pdf
#79 ZB31901 LINKED → INVOICE. ZB31901. Jesse Parker  6.12.24.pdf
#80 ZB63633 LINKED → INVOICE. ZB63633. Jonas Allen. 6.13.2024.pdf
#81 BH01635 LINKED → INVOICE. BH01635. Rick Riley 6.14.24.pdf
#82 BK76913 LINKED → INVOICE. BK76913 Teresia Njeri 6.14.24.pdf
#84 BL84433 LINKED → Invoice. BL84433. Janet Swisher 6.17.24.pdf
#85 ZB31901 LINKED → INVOICE. ZB31901. Jesse Parker  6.19.24.pdf
#86 AR26887 LINKED → INVOICE. AR26887. Nicole Sanchez  6.19.24.pdf
#87 BK97115 LINKED → INVOICE. BK97115 Geremias Perez 6.20.24.pdf
#88 BH63363 LINKED → INVOICE - BH63363. Sergio L Quinones 6.21.24.pdf
#89 BH01635 LINKED → INVOICE - BH01635. Rick Riley 6.21.24.pdf
#91 BK94910 LINKED → INVOICE. BK94910. Kevin Ayala Zambrano. 6.25.24.pdf
#92 ZB31901 LINKED → INVOICE. ZB31901. Jesse Parker  6.26.24.pdf
#94 BK97115 LINKED → INVOICE. BK97115 Geremias Perez 6.27.24.pdf
#95 ZB63633 LINKED → INVOICE. ZB63633. Jonas Allen. 6.27.2024.pdf
#96 BG99421 LINKED → INVOICE. BG99421. Fabian Heras. 6.6.24.pdf
#97 BL65171 LINKED → INVOICE. BL65171. Raquel Petersen. 6.27.24.pdf
#98 BH01635 LINKED → INVOICE. BH01635. Rick Riley. 6.28.24.pdf
#99 BK76913 LINKED → INVOICE. BK76913. Teresia Njeri. 6.28.24.pdf
#100 BL84433 LINKED → Invoice. BL84433. Janet Swisher. 7.1.24.pdf
#102 AR26887 LINKED → INVOICE. AR26887. Nicole Sanchez  7.3.24.pdf
#103 ZB63633 LINKED → INVOICE. ZB63633. Jonas Allen. 7.5.2024.pdf
#104 BH01635 LINKED → INVOICE. BH01635. Rick Riley. 7.5.24.pdf
#105 BK76913 LINKED → INVOICE. BK76913. Teresia Njeri. 7.8.24.pdf
#106 BD45091 LINKED → INVOICE. BD45091. Leoncio Gaitan. 7.9.24.pdf
#107 BK94910 LINKED → INVOICE. BK94910. Kevin Ayala Zambrano. 7.9.24.pdf
#108 ZB31901 LINKED → INVOICE. ZB31901. Jesse Parker  7.10.24.pdf
#109 BK97115 LINKED → INVOICE. BK97115. Geremias Perez. 7.11.24.pdf
#110 ZB63633 LINKED → INVOICE. ZB63633. Jonas Allen. 7.11.2024.pdf
#111 BL65171 MISSING PDF
#112 BH63363 LINKED → INVOICE. BH63363. Sergio L Quinones 7.11.24.pdf
#113 BG99421 LINKED → INVOICE. BG99421. Fabian Heras. 7.12.24.pdf
#115 BG99421 LINKED → INVOICE. BG99421. Fabian Heras. 7.15.24.pdf
#116 BL84433 LINKED → Invoice. BL84433. Janet Swisher 7.15.24.pdf
#118 AR26887 LINKED → INVOICE. AR26887. Nicole Sanchez  7.17.24.pdf
#119 ZB63633 LINKED → INVOICE. ZB63633. Jonas Allen. 7.18.2024.pdf
#120 BD45091 LINKED → INVOICE. BD45091. Leoncio Gaitan. 7.22.24.pdf
#121 BG99421 MISSING PDF
#122 BK76913 LINKED → INVOICE. BK76913. Teresia Njeri. 7.22.24.pdf
#123 BH01635 LINKED → INVOICE. BH01635. Rick Riley. 7.23.24.pdf
#124 BH46754 LINKED → INVOICE. BH46754. Ismael Martinez. 7.24.24.pdf
#125 ZB31901 LINKED → INVOICE. ZB31901. Jesse Parker  7.24.24.pdf
#126 BK97115 LINKED → INVOICE. BK97115. Geremias Perez. 7.25.24.pdf
#127 ZB63633 LINKED → INVOICE. ZB63633. Jonas Allen. 7.25.2024.pdf
#128 BH63363 LINKED → INVOICE. BH63363. Sergio L Quinones 7.26.24.pdf
#129 BH01635 LINKED → INVOICE. BH01635. Rick Riley. 7.26.24.pdf
#131 BG99421 LINKED → Invoice. BG99421. Fabian Heras. 7.29.24.pdf
#132 BL84433 LINKED → Invoice. BL84433. Janet Swisher 7.29.24.pdf
#133 BH46754 LINKED → INVOICE. BH46754. Ismael Martinez. 7.30.24.pdf
#134 BE84598 LINKED → INVOICE. BE84598. Steve Christensen. 7.31.24.pdf
#135 ZB63633 LINKED → INVOICE. ZB63633. Jonas Allen. 8.1.2024.pdf
#136 BH92547 LINKED → INVOICE.BH92547. Roggier Cruz Mercado  8.1.24.pdf
#137 BH01635 LINKED → INVOICE. BH01635. Rick Riley. 8.2.24.pdf
#138 BG99421 LINKED → Invoice. BG99421. Fabian Heras. 8.5.24.pdf
#139 BK76913 LINKED → INVOICE. BK76913. Teresia Njeri. 8.5.24.pdf
#140 BF90963 LINKED → INVOICE.BF90963.Becky Frick. 8.5.24.pdf
#141 BH46754 LINKED → INVOICE. BH46754. Ismael Martinez. 8.6.24.pdf
#142 ZB31901 LINKED → Invoice. ZB31901. Jesse Parker. 8.7.24.pdf
#143 BH92547 LINKED → INVOICE.BH92547. Roggier Cruz Mercado  8.7.24.pdf
#144 AR26887 LINKED → INVOICE. AR26887. Nicole Sanchez 8.7.24.pdf
#145 BK97115 LINKED → INVOICE. BK97115. Geremias Perez. 8.8.24.pdf
#146 ZB63633 LINKED → INVOICE. ZB63633. Jonas Allen. 8.8.2024.pdf
#147 BL65171 LINKED → INVOICE. BL65171. Raquel Petersen. 8.8.24.pdf
#148 BH63363 LINKED → INVOICE. BH63363. Sergio L Quinones 8.9.24.pdf
#149 BH01635 LINKED → INVOICE. BH01635. Rick Riley. 8.9.24.pdf
#150 BE84598 LINKED → INVOICE. BE84598. Steve Christensen. 8.9.24.pdf
#151 BJ86926 LINKED → INVOICE.BJ86926.NormaGuerreroValencia. 8.12.24.pdf
#152 BG99421 LINKED → Invoice. BG99421. Fabian Heras. 8.12.24.pdf
#153 BL84433 LINKED → Invoice. BL84433. Janet Swisher 8.12.24.pdf
#155 BH46754 LINKED → INVOICE. BH46754. Ismael Martinez. 8.13.24.pdf
#156 BF90963 LINKED → INVOICE.BF90963.Becky Frick. 8.14.24.pdf
#158 BG99421 LINKED → INVOICE. ZB63633. Jonas Allen. 8.16.2024.pdf
#159 ZB63633 LINKED → Invoice. BG99421. Fabian Heras. 8.15.24.pdf
#160 BH01635 LINKED → INVOICE. BH01635. Rick Riley. 8.16.24.pdf
#161 BJ86926 LINKED → INVOICE.BJ86926.NormaGuerreroValencia. 8.19.24.pdf
#162 BG99421 LINKED → Invoice. BG99421. Fabian Heras. 8.19.24.pdf
#164 BK76913 LINKED → INVOICE. BK76913. Teresia Njeri. 8.19.24.pdf
#166 ZB31901 MISSING PDF
#167 AR26887 LINKED → INVOICE. AR26887. Nicole Sanchez 8.21.24.pdf
#168 ZB63633 LINKED → INVOICE. ZB63633. Jonas Allen. 8.22.2024.pdf
#169 BK97115 LINKED → INVOICE. BK97115. Geremias Perez. 8.22.24.pdf
#170 BH63363 LINKED → INVOICE. BH63363. Sergio L Quinones 8.23.24.pdf
#171 BL65171 LINKED → INVOICE. BL65171. Raquel Petersen. 8.23.24.pdf
#172 BJ86926 LINKED → INVOICE.BJ86926.NormaGuerreroValencia. 8.26.24.pdf
#174 BG99421 LINKED → Invoice. BG99421. Fabian Heras. 8.26.24.pdf
#175 BL84433 LINKED → Invoice. BL84433. Janet Swisher 8.26.24.pdf
#177 BH46754 LINKED → INVOICE. BH46754. Ismael Martinez. 8.27.24.pdf
#178 ZB63633 LINKED → INVOICE. ZB63633. Jonas Allen. 8.29.24.pdf
#179 BF90963 LINKED → INVOICE.BF90963.Becky Frick. 8.30.24.pdf
#180 BH01635 LINKED → INVOICE. BH01635. Rick Riley. 8.30.24.pdf
#182 BK76913 LINKED → INVOICE. BK76913. Teresia Njeri. 9.3.24.pdf
#183 BL77528 LINKED → INVOICE.BL77528. Olga Solis Cuevas. 9.4.24.pdf
#184 ZB63633 LINKED → INVOICE. ZB63633. Jonas Allen. 9.5.24.pdf
#185 BD45091 LINKED → INVOICE. BD45091. Leoncio Gaitan. 9.6.24.pdf
#186 BK76913 LINKED → INVOICE. BK76913. Teresia Njeri. 9.6.24.pdf
#187 BJ86926 LINKED → INVOICE.BJ86926.NormaGuerreroValencia. 9.9.24.pdf
#188 BK78317 LINKED → INVOICE. BK78317. Aprill Hummell. 9.9.24.pdf
#189 BC05750 LINKED → INVOICE.BC05750. Leolynn M. Duval. 9.9.24.pdf
#191 BG99421 LINKED → Invoice. BG99421. Fabian Heras. 9.10.24.pdf
#192 BK97115 LINKED → INVOICE. BK97115. Geremias Perez. 9.10.24.pdf
#193 AR26887 LINKED → INVOICE. AR26887. Nicole Sanchez 9.11.24.pdf
#195 ZB63633 LINKED → INVOICE. ZB63633. Jonas Allen. 9.12.24.pdf
#196 BC05750 LINKED → INVOICE. BC05750. Leolynn Duval. 9.13.24.pdf
#197 BG99421 LINKED → Invoice. BG99421. Fabian Heras. 9.16.24.pdf
#200 ZB63633 LINKED → INVOICE. ZB63633. Jonas Allen. 9.17.24.pdf
#201 BL65171 LINKED → INVOICE. BL65171. Raquel Petersen. 9.18.24.pdf
#202 BH63363 LINKED → INVOICE. BH63363. Sergio L Quinones 9.20.24.pdf
#203 BC01258 LINKED → Invoice. BC01258. Michelle Pace. 9.20.24.pdf
#204 BC05750 LINKED → INVOICE. BC05750. Leolynn Duval. 9.20.24.pdf
#205 BL19840 LINKED → Invoice. BL19840. Vicki Canon. 9.23.24.pdf
#206 ZB63633 LINKED → INVOICE. ZB63633. Jonas Allen. 9.23.24.pdf
#208 BG99421 LINKED → Invoice. BG99421. Fabian Heras. 9.23.24.pdf
#209 BL19840 LINKED → Invoice. BL19840. Vicki Canon. 9.23.24.pdf
#210 BL84433 LINKED → Invoice. BL84433. Janet Swisher 9.23.24.pdf
#214 ZB63633 LINKED (DOS+claim fallback, OCR #215) → INVOICE. ZB63633. Jonas Allen. 9.17.24.pdf
#215 ZB63633 LINKED → INVOICE. ZB63633. Jonas Allen. 9.17.24.pdf
#216 BL19840 LINKED → Invoice. BL19840. Vicki Canon. 9.23.24.pdf
#217 BL19840 LINKED → Invoice. BL19840. Vicki Canon. 9.23.24.pdf
#218 BL77528 LINKED → INVOICE.BL77528. Olga Solis Cuevas. 9.25.24.pdf
#219 ZB63633 LINKED → INVOICE. ZB63633. Jonas Allen. 9.26.24.pdf
#220 BF90963 LINKED → INVOICE.BF90963.Becky Frick. 9.26.24.pdf
#222 BL19840 LINKED → Invoice. BL19840. Vicki Canon. 9.27.24.pdf
#223 BL19840 LINKED → Invoice. BL19840. Vicki Canon. 9.27.24.pdf
#224 BH01635 LINKED → INVOICE. BH01635. Rick Riley. 9.27.24.pdf
#225 BJ86926 LINKED → INVOICE.BJ86926.NormaGuerreroValencia. 9.30.24.pdf
#226 BG99421 LINKED → Invoice. BG99421. Fabian Heras. 9.30.24.pdf
#227 BK76913 LINKED → INVOICE. BK76913. Teresia Njeri. 9.30.24.pdf
#229 BK87459 LINKED → INVOICE. BK87459. Sophia Leal. 10.1.24.pdf
#230 BH46754 LINKED → INVOICE. BH46754. Ismael Martinez. 10.1.24.pdf
#231 BK97115 LINKED → INVOICE. BK97115. Geremias Perez. 10.1.24.pdf
#232 BC01258 LINKED → Invoice. BC01258. Michelle Pace. 10.2.24.pdf
#233 BC05750 LINKED → INVOICE. BC05750. Leolynn Duval. 10.2.24.pdf
#234 ZB63633 LINKED → INVOICE. ZB63633. Jonas Allen. 10.3.24.pdf
#235 BG99421 LINKED → Invoice. BG99421. Fabian Heras. 10.8.24.pdf
#236 BL77528 LINKED → INVOICE.BL77528. Olga Solis Cuevas. 10.9.24.pdf
#239 ZB63633 LINKED → INVOICE. ZB63633. Jonas Allen. 10.10.24.pdf
#240 BH01635 LINKED → INVOICE. BH01635. Rick Riley. 10.11.24.pdf
#241 BG99421 LINKED → Invoice. BG99421. Fabian Heras. 10.15.24.pdf
#242 BH46754 LINKED → INVOICE. BH46754. Ismael Martinez. 10.15.24.pdf
#244 BC05750 LINKED → INVOICE. BC05750. Leolynn Duval. 10.15.24.pdf
#245 ZB63633 LINKED → INVOICE. ZB63633. Jonas Allen. 10.17.24.pdf
#246 BD45091 LINKED → L&I INVOICE. BD45091. Leoncio Gaitan. 10.18.24.pdf
#247 BH46754 LINKED → Invoice. BH46754. Ismael Martinez. 10.18.24.pdf
#248 BJ86926 LINKED → INVOICE.BJ86926.NormaGuerreroValencia. 10.21.24.pdf
#250 BC05750 LINKED → INVOICE. BC05750. Leolynn M. Duval. 10.21.24.pdf
#251 BK76913 LINKED → INVOICE. BK76913. Teresia Njeri. 10.21.24.pdf
#252 BK76913 LINKED → INVOICE. BK76913. Teresia Njeri. 10.21.24.pdf
#257 BH01635 LINKED → INVOICE. BH01635. Rick Riley. 10.24.24.pdf
#258 BL77528 LINKED → INVOICE.BL77528. Olga Solis Cuevas. 10.25.24.pdf
#259 BJ27592 LINKED → INVOICE. BJ27592. Dana Drake. 10.25.24.pdf
#261 BL94062 MISSING PDF
#262 BG99421 LINKED → Invoice. BG99421. Fabian Heras. 10.29.24.pdf
#263 BJ86926 LINKED → INVOICE.BJ86926.NormaGuerreroValencia. 10.29.24.pdf
#264 BH46754 LINKED → INVOICE. BH46754. Ismael Martinez. 10.29.24.pdf
#267 BC05750 LINKED → INVOICE. BC05750. Leolynn Duval. 10.30.24.pdf
#269 BM54409 LINKED → INVOICE.BM54409. Ricardo Flores Barrera. 10.31.24.pdf
#271 BL65171 LINKED → INVOICE. BL65171. Raquel Petersen. 11.1.24.pdf
#272 BK87459 LINKED → INVOICE. BK87459. Sophia Leal. 11.4.24.pdf
#273 BM63571 LINKED → INVOICE. BM63571. Jesus Acosta. 11.4.24.pdf
#276 BL77528 LINKED → INVOICE.BL77528. Olga Solis Cuevas. 11.5.24.pdf
#277 BL77528 LINKED → INVOICE.BL77528. Olga Solis Cuevas. 11.5.24.pdf
#279 BM54409 LINKED → INVOICE.BM54409. Ricardo Flores Barrera. 11.6.24.pdf
#281 BJ28623 LINKED → INVOICE. BJ28623. Juan Gonzalez Lara. 11.8.24.pdf
#283 BJ27592 LINKED → INVOICE. BJ27592. Dana Drake. 11.8.24.pdf
#285 BG99421 LINKED → Invoice. BG99421. Fabian Heras. 11.11.24.pdf
#288 BK76913 LINKED → INVOICE. BK76913. Teresia Njeri. 11.11.24.pdf
#290 BJ86926 LINKED → INVOICE.BJ86926.NormaGuerreroValencia. 11.18.24.pdf
#291 BL99673 LINKED → Invoice. BL99673. Armando DeLaCruz Toro. 11.18.24.pdf
#292 BL77528 LINKED → INVOICE.BL77528. Olga Solis Cuevas. 11.18.24.pdf
#295 BH46754 LINKED → INVOICE. BH46754. Ismael Martinez. 11.19.24.pdf
#297 BC05750 LINKED → INVOICE. BC05750. Leolynn Duval. 11.19.24.pdf
#300 BM63571 LINKED → INVOICE. BM63571. Jesus Acosta. 11.20.24.pdf
#303 BJ28623 LINKED → INVOICE. BJ28623. Juan Gonzalez Lara. 11.22.24.pdf
#305 BK97115 LINKED → INVOICE. BK97115. Geremias Perez. 11.25.24.pdf
#308 BK87459 LINKED → INVOICE. BK87459. Sophia Leal. 11.25.24.pdf
#311 BM54409 LINKED → INVOICE.BM54409. Ricardo Flores Barrera. 11.27.24.pdf
#312 BG99421 LINKED → Invoice. BG99421. Fabian Heras. 12.2.24.pdf
#313 BL77528 LINKED → INVOICE.BL77528. Olga Solis Cuevas. 12.2.24.pdf
#315 BH46754 LINKED → INVOICE. BH46754. Ismael Martinez. 12.3.24.pdf
#318 BM63571 LINKED → INVOICE. BM63571. Jesus Acosta. 12.4.24.pdf
#319 BC05750 LINKED → INVOICE. BC05750. Leolynn Duval. 12.4.24.pdf
#320 BJ28623 LINKED → INVOICE. BJ28623. Juan Gonzalez Lara. 12.5.24.pdf
#325 BJ27592 MISSING PDF
#326 BK97115 MISSING PDF
#330 BL99673 LINKED → INVOICE. BL99673. Armando De La Cruz Toro. 12.11.24.pdf
#331 BH78065 LINKED → INVOICE.  BH78065. Jose Rodriguez Arias. 12.11.24.pdf
#333 BF90963 LINKED → Invoice.BF90963. Beck Frick. 12.12.24.pdf
#336 BM54409 LINKED → INVOICE.BM54409. Ricardo Flores Barrera. 12.13.24.pdf
#337 BJ86926 LINKED → INVOICE.BJ86926.NormaGuerreroValencia. 12.16.24.pdf
#338 BL77528 LINKED → INVOICE.BL77528. Olga Solis Cuevas. 12.16.24.pdf
#341 BH46754 LINKED → INVOICE. BH46754. Ismael Martinez. 12.17.24.pdf
#342 BK87459 LINKED → Invoice. BK87459. Sophia Leal. 12.17.24.pdf
#343 BL99673 LINKED → INVOICE. BL99673. Armando De La Cruz Toro. 12.18.24.pdf
#344 BH78065 LINKED → INVOICE.  BH78065. Jose Rodriguez Arias. 12.18.24.pdf
#345 BL65171 LINKED → Invoice. BL65171. Raquel Petersen. 12.18.24.pdf
#346 BC05750 LINKED → INVOICE. BC05750. Leolynn Duval. 12.18.24.pdf
#348 BJ28623 LINKED → INVOICE. BJ28623. Juan Gonzalez Lara. 12.20.24.pdf
#350 BL65171 LINKED → Invoice. BL65171. Raquel Petersen. 12.20.24.pdf
#353 BM54409 LINKED → INVOICE.BM54409. Ricardo Flores Barrera. 12.26.24.pdf
#354 BM63571 LINKED → INVOICE. BM63571. Jesus Acosta. 12.26.24.pdf
#356 BK97115 LINKED → INVOICE. BK97115. Geremias Perez. 12.30.24.pdf
#357 BL77528 MISSING PDF
#358 BM63571 LINKED → Invoice. BM63571. Jesus Acosta. 12.30.24.pdf
#359 ZB68335 LINKED → Invoice. ZB68335. Anna Stedman. 12.30.24.pdf
#361 BJ28623 LINKED → INVOICE. BJ28623. Juan Gonzalez Lara. 1.3.25.pdf
#368 BH46754 LINKED → INVOICE. BH46754. Ismael Martinez. 1.7.25.pdf
#369 BC05750 LINKED → INVOICE. BC05750. Leolynn Duval. 1.7.25.pdf
#370 BH78065 LINKED → INVOICE.  BH78065. Jose Rodriguez Arias. 1.8.25.pdf
#372 BJ27592 LINKED → INVOICE. BJ27592. Dana Drake. 1.9.25.pdf
#373 BM54409 LINKED → INVOICE.BM54409. Ricardo Flores Barrera. 1.9.25.pdf
#375 BJ86926 LINKED → INVOICE.BJ86926.NormaGuerreroValencia. 1.13.25.pdf
#378 BK97115 LINKED → INVOICE. BK97115. Geremias Perez. 1.14.25.pdf
#381 BM63571 LINKED → INVOICE. BM63571. Jesus Acosta. 1.16.25.pdf
#382 BJ28623 LINKED → INVOICE. BJ28623. Juan Gonzalez Lara. 1.17.25.pdf
#384 BK14186 LINKED → INVOICE.BK14186. Karen Banks. 1.21.25.pdf
#385 BJ28623 LINKED → Invoice.BJ28623. Juan Gonzalez Lara. 1.21.25.pdf
#386 BK47305 MISSING PDF
#387 BG99421 LINKED → Invoice.BG99421. Fabian Heras. 1.21.25.pdf
#388 BJ87697 MISSING PDF
#389 BB92037 MISSING PDF
#391 ZB68335 LINKED → INVOICE. ZB68335. Anna Stedman. 1.22.25.pdf
#393 BJ27592 LINKED → INVOICE. BJ27592. Dana Drake. 1.23.25.pdf
#394 BM54409 LINKED → INVOICE.BM54409. Ricardo Flores Barrera. 1.23.25.pdf
#396 BH78065 LINKED → INVOICE.  BH78065. Jose Rodriguez Arias. 1.27.25.pdf
#399 BH46754 LINKED → INVOICE. BH46754. Ismael Martinez. 1.28.25.pdf
#400 BJ62798 LINKED → INVOICE. BJ62798. Michele Duncan. 1.28.25.pdf
#402 BK14186 LINKED → INVOICE.BK14186. Karen Banks. 1.29.25.pdf
#403 BG46680 MISSING PDF
#405 ZB68335 LINKED → INVOICE. ZB68335. Anna Stedman. 1.29.25.pdf
#406 BC05750 LINKED → INVOICE. BC05750. Leolynn Duval. 1.29.25.pdf
#410 BJ62798 LINKED → INVOICE. BJ62798. Michele Duncan. 2.4.25.pdf
#411 BK47305 MISSING PDF
#414 BJ28623 LINKED → INVOICE. BJ28623. Juan Gonzalez Lara. 2.7.25.pdf
#416 BH78065 LINKED → INVOICE.  BH78065. Jose Rodriguez Arias. 2.11.25.pdf
#417 BH46754 LINKED → INVOICE. BH46754. Ismael Martinez. 2.11.25.pdf
#420 ZB68335 MISSING PDF
#422 BJ62798 LINKED → INVOICE. BJ62798. Michele Duncan. 2.12.25.pdf
#423 BK14186 LINKED → INVOICE.BK14186. Karen Banks. 2.13.25.pdf
#425 BM63571 LINKED → INVOICE. BM63571. Jesus Acosta. 2.14.25.pdf
#428 BC05750 LINKED → INVOICE. BC05750. Leolynn Duval. 2.18.25.pdf
#430 BK14186 LINKED → Invoice. BK14186. Karen Banks. 2.19.25.pdf
#431 BH46754 LINKED → Invoice. BH46754. Ismael Martinez. 2.19.25.pdf
#432 BJ62798 LINKED → INVOICE. BJ62798. Michele Duncan. 2.19.25.pdf
#436 BH46754 LINKED → INVOICE. BH46754. Ismael Martinez. 2.25.25.pdf
#437 BH78065 LINKED → INVOICE.  BH78065. Jose Rodriguez Arias. 2.26.25.pdf
#440 BJ62798 LINKED → INVOICE. BJ62798. Michele Duncan. 2.26.25.pdf
#442 BK14186 LINKED → INVOICE.BK14186. Karen Banks. 2.27.25.pdf
#444 BJ27592 LINKED → INVOICE. BJ27592. Dana Drake. 2.28.25.pdf
#447 BH46754 LINKED → Invoice. BH46754. Ismael Martinez. 3.5.25.pdf
#448 BJ62798 LINKED → Invoice. BH62798. Michele Duncan. 3.5.25.pdf
#449 BJ87697 MISSING PDF
#451 BJ62798 MISSING PDF
#454 BH78065 LINKED → INVOICE.  BH78065. Jose Rodriguez Arias. 3.12.25.pdf
#456 BK14186 MISSING PDF
#459 BJ28623 LINKED → INVOICE. BJ28623. Juan Gonzalez Lara. 3.14.25.pdf
#465 BJ62798 LINKED → INVOICE. BJ62798. Michele Duncan. 3.19.25.pdf
#466 BC05750 LINKED → INVOICE. BC05750. Leolynn Duval. 3.19.25.pdf
#469 BH46754 LINKED → INVOICE. BH46754. Ismael Martinez. 3.21.25.pdf
#472 BK14186 LINKED → INVOICE.BK14186. Karen Banks. 3.26.25.pdf
#473 BJ62798 LINKED → INVOICE. BJ62798. Michele Duncan. 3.26.25.pdf
#474 BH78065 LINKED → INVOICE.  BH78065. Jose Rodriguez Arias. 3.27.25.pdf
#481 BJ62798 LINKED → INVOICE. BJ62798. Michele Duncan. 4.2.25.pdf
#483 BJ27592 LINKED → INVOICE. BJ27592. Dana Drake. 4.3.25.pdf
#484 BJ28623 LINKED → INVOICE. BJ28623. Juan Gonzalez Lara. 4.4.25.pdf
#486 BH78065 LINKED → INVOICE.  BH78065. Jose Rodriguez Arias. 4.8.25.pdf
#490 BJ62798 LINKED → INVOICE. BJ62798. Michele Duncan. 4.9.25.pdf
#491 BC05750 LINKED → INVOICE. BC05750. Leolynn Duval. 4.9.25.pdf
#492 BK14186 LINKED → INVOICE.BK14186. Karen Banks. 4.10.25.pdf
#497 BJ62798 LINKED → Invoice. BH62798. Michele Duncan. 4.16.25.pdf
#498 BH46754 LINKED → Invoice. BH46754. Ismael Martinez. 4.16.25.pdf
#499 BC05750 LINKED → INVOICE. BC05750. Leolynn M. Duval. 4.16.24.pdf
#500 BJ27592 LINKED → INVOICE. BJ27592. Dana Drake. 4.16.25.pdf
#501 BJ62798 LINKED → INVOICE. BJ62798. Michele Duncan. 4.16.25.pdf
#502 BM27306 LINKED → INVOICE. BM27306. Arturo Olguin. 4.16.25.pdf
#505 BL77528 LINKED → INVOICE.BL77528. Olga Solis Cuevas. 4.17.25.pdf
#509 BH78065 LINKED → INVOICE.  BH78065. Jose Rodriguez Arias. 4.22.25.pdf
#514 BJ62798 LINKED → INVOICE. BJ62798. Michele Duncan. 4.23.25.pdf
#515 BK14186 LINKED → INVOICE.BK14186. Karen Banks. 4.24.25.pdf
#517 BJ28623 LINKED → INVOICE. BJ28623. Juan Gonzalez Lara. 4.25.25.pdf
#524 BH46754 LINKED → Invoice. BH46754. Ismael Martinez. 4.30.25.pdf
#525 ZB68335 LINKED → Invoice. ZB68335. Anna Stedman. 4.30.25.pdf
#526 BM51668 MISSING PDF
#527 BM27306 LINKED → INVOICE. BM27306. Arturo Olguin. 5.1.25.pdf
#531 BK14186 LINKED → INVOICE.BK14186. Karen Banks. 5.7.25.pdf
#533 BJ62798 LINKED → INVOICE. BJ62798. Michele Duncan. 5.7.25.pdf
#540 BJ62798 LINKED → INVOICE. BJ62798. Michele Duncan. 5.14.25.pdf
#541 BJ28623 LINKED → INVOICE. BJ28623. Juan Gonzalez Lara. 5.16.25.pdf
#546 BK14186 LINKED → INVOICE.BK14186. Karen Banks. 5.21.25.pdf
#550 BM27306 LINKED → Invoice. BM27306. Arturo Olguin. 5.23.25.pdf
#555 BH46754 LINKED → Invoice. BH46754. Ismael Martinez. 5.28.25.pdf
#561 BJ62798 LINKED → INVOICE. BJ62798. Michele Duncan. 5.29.25.pdf
#569 BL32211 LINKED → INVOICE. BL32211.Gabriel Mijares-Gamboa. 6.5.25.pdf
#574 BJ91086 MISSING PDF
#575 BJ62798 LINKED → INVOICE. BJ62798. Michele Duncan. 6.11.25.pdf
#576 BK14186 LINKED → INVOICE.BK14186. Karen Banks. 6.12.25.pdf
#587 BL32211 LINKED → INVOICE. BL32211.Gabriel Mijares-Gamboa. 6.19.25.pdf
#597 BL32211 LINKED → INVOICE. BL32211.Gabriel Mijares-Gamboa. 7.1.25.pdf
#611 BJ15024 LINKED → INVOICE. BJ15024 & BE22565. Katherine Day. 7.15.25.pdf
#622 BL32211 LINKED → INVOICE. BL32211.Gabriel Mijares-Gamboa. 7.22.25.pdf
#641 BL32211 LINKED → INVOICE. BL32211.Gabriel Mijares-Gamboa. 8.6.25.pdf
#664 BK14186 LINKED → INVOICE.BK14186. Karen Banks. 8.26.25.pdf
#666 BL32211 LINKED → INVOICE. BL32211.Gabriel Mijares-Gamboa. 8.26.25.pdf
#674 BK14186 LINKED → INVOICE.BK14186. Karen Banks. 9.8.25.pdf
#687 BL32211 LINKED → INVOICE. BL32211.Gabriel Mijares-Gamboa. 8.26.25.pdf
#709 BK14186 LINKED → INVOICE.BK14186. Karen Banks. 10.2.25.pdf
#728 BK14186 LINKED → INVOICE.BK14186. Karen Banks. 10.14.25.pdf
#751 BK14186 LINKED → INVOICE.BK14186. Karen Banks. 10.28.25.pdf
#809 BM51668 MISSING PDF
Done: 359 linked, 632 already had attachment, 24 missing PDF
Results: scripts/link-maria-invoice-attachments-results.json
