LIVE RUN
Normalizing 24 invoices with no Drive PDF…
#2 AR26887 SKIPPED (already correct) 96156=$65.00
#3 BH63363 SKIPPED (already correct) 96156=$65.00
#4 BL65171 SKIPPED (already correct) 96156=$65.00
#5 ZB63633 SKIPPED (already correct) 96156=$65.00
#41 BK97115 SKIPPED (already correct) 96156=$70.00
#111 BL65171 SKIPPED (already correct) 96156=$70.00
#121 BG99421 SKIPPED (already correct) 96156=$70.00
#166 ZB31901 SKIPPED (already correct) 96156=$70.00
#261 BL94062 SKIPPED (already correct) 96156=$70.00
#325 BJ27592 SKIPPED (already correct) 96156=$70.00
#326 BK97115 SKIPPED (already correct) 96156=$70.00
#357 BL77528 SKIPPED (already correct) 96156=$52.50
#386 BK47305 SKIPPED (already correct) 98966=$12.00
#388 BJ87697 SKIPPED (already correct) 98966=$12.00
#389 BB92037 SKIPPED (already correct) 96158=$35.00
#403 BG46680 SKIPPED (already correct) 96156=$70.00
#411 BK47305 SKIPPED (already correct) 90837=$90.00
#420 ZB68335 SKIPPED (already correct) 96156=$70.00
#449 BJ87697 SKIPPED (a#5 ZB63633 SKIPPED (already correct) 96156=$65.00
#41 BK97115 SKIPPED (already correct) 96156=$70.00
#111 BL65171 SKIPPED (already correct) 96156=$70.00
#121 BG99421 SKIPPED (already correct) 96156=$70.00
#166 ZB31901 SKIPPED (already correct) 96156=$70.00
#261 BL94062 SKIPPED (already correct) 96156=$70.00
#325 BJ27592 SKIPPED (already correct) 96156=$70.00
#326 BK97115 SKIPPED (already correct) 96156=$70.00
#357 BL77528 SKIPPED (already correct) 96156=$52.50
#386 BK47305 SKIPPED (already correct) 98966=$12.00
#388 BJ87697 SKIPPED (already correct) 98966=$12.00
#389 BB92037 SKIPPED (already correct) 96158=$35.00
#403 BG46680 SKIPPED (already correct) 96156=$70.00
#411 BK47305 SKIPPED (already correct) 90837=$90.00
#420 ZB68335 SKIPPED (already correct) 96156=$70.00
#449 BJ87697 SKIPPED (already correct) 98967=$22.20
#451 BJ62798 SKIPPED (already correct) 96156=$75.00
#456 BK14186 SKIPPED (already correct) 96156=$75.00
#526 BM51668 SKIPPED (already correct) 98966=$12.00
#574 BJ91086 SKIPPED (already correct) 98966=$12.00
#809 BM51668 SKIPPED (already correct) 96156=$75.00

Done: 0 updated, 24 already correct, 0 failed
Results: scripts/normalize-maria-missing-pdf-line-items-results.json
