◇ injected env (0) from .env.local // tip: ⌘ suppress logs { quiet: true }
◇ injected env (4) from .env // tip: ⌘ custom filepath { path: '/custom/path/.env' }
(node:6310) Warning: SECURITY WARNING: The SSL modes 'prefer', 'require', and 'verify-ca' are treated as aliases for 'verify-full'.
In the next major version (pg-connection-string v3.0.0 and pg v9.0.0), these modes will adopt standard libpq semantics, which have weaker security guarantees.

To prepare for this change:
- If you want the current behavior, explicitly use 'sslmode=verify-full'
- If you want libpq compatibility now, use 'uselibpqcompat=true&sslmode=require'

See https://www.postgresql.org/docs/current/libpq-ssl.html for libpq SSL mode definitions.
(Use `node --trace-warnings ...` to show where the warning was created)
Reverting 1 applied remittance(s)...
  reverted 70106 RemittanceAdvice_0479998_692026.pdf
Deleting 58 preview remittance(s)...
  deleted 762822 RemittanceAdvice_0479998_3192024.pdf
  deleted 767130 RemittanceAdvice_0479998_422024.pdf
  deleted 771565 RemittanceAdvice_0479998_4162024.pdf
  deleted 776114 RemittanceAdvice_0479998_4302024.pdf
  deleted 781456 RemittanceAdvice_0479998_5142024.pdf
  deleted 786972 RemittanceAdvice_0479998_5292024.pdf
  deleted 792460 RemittanceAdvice_0479998_6112024.pdf
  deleted 798171 RemittanceAdvice_0479998_6252024.pdf
  deleted 803580 RemittanceAdvice_0479998_792024.pdf
  deleted 809048 RemittanceAdvice_0479998_7232024.pdf
  deleted 814064 RemittanceAdvice_0479998_862024.pdf
  deleted 819427 RemittanceAdvice_0479998_8202024.pdf
  deleted 824563 RemittanceAdvice_0479998_942024.pdf
  deleted 829498 RemittanceAdvice_0479998_9172024.pdf
  deleted 834672 RemittanceAdvice_0479998_1012024.pdf
  deleted 839745 RemittanceAdvice_0479998_10152024.pdf
  deleted 845213 RemittanceAdvice_0479998_10292024.pdf
  deleted 850806 RemittanceAdvice_0479998_11132024.pdf
  deleted 856231 RemittanceAdvice_0479998_11262024.pdf
  deleted 861243 RemittanceAdvice_0479998_12102024.pdf
  deleted 866678 RemittanceAdvice_0479998_12242024.pdf
  deleted 871457 RemittanceAdvice_0479998_172025.pdf
  deleted 876724 RemittanceAdvice_0479998_1222025.pdf
  deleted 881623 RemittanceAdvice_0479998_242025.pdf
  deleted 886706 RemittanceAdvice_0479998_2192025.pdf
  deleted 891605 RemittanceAdvice_0479998_342025.pdf
  deleted 897017 RemittanceAdvice_0479998_3182025.pdf
  deleted 902695 RemittanceAdvice_0479998_412025.pdf
  deleted 908473 RemittanceAdvice_0479998_4152025.pdf
  deleted 914092 RemittanceAdvice_0479998_4292025.pdf
  deleted 919707 RemittanceAdvice_0479998_5132025.pdf
  deleted 925139 RemittanceAdvice_0479998_5282025.pdf
  deleted 930213 RemittanceAdvice_0479998_6102025.pdf
  deleted 935218 RemittanceAdvice_0479998_6242025.pdf
  deleted 939942 RemittanceAdvice_0479998_782025.pdf
  deleted 944797 RemittanceAdvice_0479998_7222025.pdf
  deleted 949698 RemittanceAdvice_0479998_852025.pdf
  deleted 954696 RemittanceAdvice_0479998_8192025.pdf
  deleted 959760 RemittanceAdvice_0479998_932025.pdf
  deleted 965116 RemittanceAdvice_0479998_9162025.pdf
  deleted 970517 RemittanceAdvice_0479998_9302025.pdf
  deleted 976064 RemittanceAdvice_0479998_10142025.pdf
  deleted 981739 RemittanceAdvice_0479998_10282025.pdf
  deleted 987347 RemittanceAdvice_0479998_11122025.pdf
  deleted 992757 RemittanceAdvice_0479998_11252025.pdf
  deleted 998172 RemittanceAdvice_0479998_1292025.pdf
  deleted 3935 RemittanceAdvice_0479998_12232025.pdf
  deleted 9309 RemittanceAdvice_0479998_162026.pdf
  deleted 14941 RemittanceAdvice_0479998_1212026.pdf
  deleted 20263 RemittanceAdvice_0479998_232026.pdf
  deleted 25733 RemittanceAdvice_0479998_2182026.pdf
  deleted 37039 RemittanceAdvice_0479998_3172026.pdf
  deleted 42749 RemittanceAdvice_0479998_3312026.pdf
  deleted 48310 RemittanceAdvice_0479998_4142026.pdf
  deleted 53703 RemittanceAdvice_0479998_4282026.pdf
  deleted 59241 RemittanceAdvice_0479998_5122026.pdf
  deleted 64667 RemittanceAdvice_0479998_5272026.pdf
  deleted 75265 RemittanceAdvice_0479998_6232026.pdf
Importing 59 RA PDF(s) from Drive...
Warning: Indexing all PDF objects
Warning: Indexing all PDF objects
Warning: Indexing all PDF objects
Warning: Indexing all PDF objects
Warning: Indexing all PDF objects
Warning: Indexing all PDF objects
Warning: Indexing all PDF objects
Warning: Indexing all PDF objects
Warning: Indexing all PDF objects
Warning: Indexing all PDF objects
Warning: Indexing all PDF objects
Warning: Indexing all PDF objects
Warning: Indexing all PDF objects
Warning: Indexing all PDF objects
Warning: Indexing all PDF objects
Warning: Indexing all PDF objects
Warning: Indexing all PDF objects
Warning: Indexing all PDF objects
Warning: Indexing all PDF objects
Warning: Indexing all PDF objects
Warning: Indexing all PDF objects
Warning: Indexing all PDF objects
Warning: Indexing all PDF objects
Warning: Indexing all PDF objects
Warning: Indexing all PDF objects
Warning: Indexing all PDF objects
Warning: Indexing all PDF objects
Warning: Indexing all PDF objects
Warning: Indexing all PDF objects
Warning: Indexing all PDF objects
Warning: Indexing all PDF objects
Warning: Indexing all PDF objects
Warning: Indexing all PDF objects
Warning: Indexing all PDF objects
Warning: Indexing all PDF objects
Warning: Indexing all PDF objects
Warning: Indexing all PDF objects
Warning: Indexing all PDF objects
Warning: Indexing all PDF objects
Warning: Indexing all PDF objects
Warning: Indexing all PDF objects
Warning: Indexing all PDF objects
Warning: Indexing all PDF objects
Warning: Indexing all PDF objects
Warning: Indexing all PDF objects
Warning: Indexing all PDF objects
Warning: Indexing all PDF objects
Warning: Indexing all PDF objects
Warning: Indexing all PDF objects
Warning: Indexing all PDF objects
Warning: Indexing all PDF objects
Warning: Indexing all PDF objects
Warning: Indexing all PDF objects
Warning: Indexing all PDF objects
Warning: Indexing all PDF objects
Warning: Indexing all PDF objects
Warning: Indexing all PDF objects
Warning: Indexing all PDF objects
Warning: Indexing all PDF objects
unmatched 803580 RemittanceAdvice_0479998_792024.pdf 1
unmatched 809048 RemittanceAdvice_0479998_7232024.pdf 1
unmatched 935218 RemittanceAdvice_0479998_6242025.pdf 1
unmatched 14941 RemittanceAdvice_0479998_1212026.pdf 3
unmatched 20263 RemittanceAdvice_0479998_232026.pdf 2
unmatched 25733 RemittanceAdvice_0479998_2182026.pdf 3
unmatched 37039 RemittanceAdvice_0479998_3172026.pdf 1
unmatched 42749 RemittanceAdvice_0479998_3312026.pdf 1
{
  "revertedApplied": 1,
  "deletedPreviews": 58,
  "driveFiles": 59,
  "imported": 59,
  "failed": [],
  "previewCount": 59,
  "unmatchedLines": 13,
  "invoicesWithEob": 34
}
Results: scripts/reingest-all-remittances-results.json
