◇ injected env (20) from .env.local // tip: ⌘ multiple files { path: ['.env.local', '.env'] }
◇ injected env (4) from .env // tip: ⌁ auth for agents [www.vestauth.com]
(node:11147) Warning: SECURITY WARNING: The SSL modes 'prefer', 'require', and 'verify-ca' are treated as aliases for 'verify-full'.
In the next major version (pg-connection-string v3.0.0 and pg v9.0.0), these modes will adopt standard libpq semantics, which have weaker security guarantees.

To prepare for this change:
- If you want the current behavior, explicitly use 'sslmode=verify-full'
- If you want libpq compatibility now, use 'uselibpqcompat=true&sslmode=require'

See https://www.postgresql.org/docs/current/libpq-ssl.html for libpq SSL mode definitions.
(Use `node --trace-warnings ...` to show where the warning was created)
LIVE RUN
Scanning Drive for Steven invoice PDFs…

active: 14 client folders
  #261 BL69750: 96158=$42.50, 96159=$21.25, 96159=$21.25 (Invoice_BL69750 K Cavanaugh 7.1.26 530pm.pdf)
  #255 BL69750: 96158=$42.50, 96159=$21.25, 96159=$21.25 (Invoice_BL69750 K Cavanaugh 600pm.pdf)
  #251 BL69750: 96158=$42.50, 96159=$21.25, 96159=$21.25 (Invoice BL69750 K Cavanaugh 5.11.26 600pm.pdf)
  #241 BL69750: 96158=$42.50, 96159=$21.25, 96159=$21.25 (Invoice_BL69750 K Cavanaugh 3.30.25 630pm.pdf)
  #239 BL69750: 96158=$42.50, 96159=$21.25, 96159=$21.25 (Invoice_BL69750 K Cavanaugh 3.16.26 600pm.pdf)
  #232 BL69750: 96156=$85.00 (Invoice_BL69750 K. Cavanaugh 2.21.26 430pm.pdf)
  #231 BN44993: 96156=$85.00 (Invoice_BN 44993 J. Pretre 2.21.26 900am.pdf)
  #263 ZB62154: 96158=$42.50, 96159=$21.25, 96159=$21.25 (Invoice_ZB62154 S Gore 7.2.26 600pm.pdf)
  #256 ZB62154: 96158=$42.50, 96159=$21.25, 96159=$21.25 (Invoice_ZB62154 S Gore 6.11.26 600pm.pdf)
  #253 ZB62154: 96158=$42.50, 96159=$21.25, 96159=$21.25 (Invoice_ZB62154 S Gore 5.21.26 600pm.pdf)
  #248 ZB62154: 96158=$42.50, 96159=$21.25, 96159=$21.25 (Invoice ZB62154 S Gore 4.30.26 600pm.pdf)
  #244 ZB62154: 96158=$42.50, 96159=$21.25, 96159=$21.25 (Invoice_ZB62154 S Gore 4.9.2026 600pm.pdf)
  #242 ZB62154: 96158=$42.50, 96159=$21.25, 96159=$21.25 (Invoice ZB62154 S Gore 4.2.26 600pm.pdf)
  #237 ZB62154: 96158=$42.50, 96159=$21.25, 96159=$21.25 (Invoice ZB62154 S Gore 3.12.26 600pm.pdf)
  #235 ZB62154: 96158=$42.50, 96159=$21.25, 96159=$21.25 (Invoice_ZB62154 S Gore 3.5.26 600pm.pdf)
  #230 ZB62154: 96158=$42.50, 96159=$21.25, 96159=$21.25 (Invoice ZB62154 S Gore 2.19.26 600pm.pdf)
  #228 ZB62154: 96158=$42.50, 96159=$21.25, 96159=$21.25 (Invoice ZB62154 S Gore 2,12,26 630pm.pdf)
  #223 ZB62154: 96158=$42.50, 96159=$21.25, 96159=$21.25 (Invoice ZB62154 S Gore 1.29.26 600pm.pdf)
  #262 BH00259: 96158=$42.50, 96159=$21.25, 96159=$21.25 (Invoice_BH00259 E Davis 7.1.2026 630pm.pdf)
  #257 BH00259: 96158=$42.50, 96159=$21.25, 96159=$21.25 (Invoice BH00259 E Davis 6.17.26 530pm.pdf)
  #254 BH00259: 96158=$42.50, 96159=$21.25, 96159=$21.25 (Invoice_BH00259 E Davis 5.27.26 630pm.pdf)
  #252 BH00259: 96158=$42.50, 96159=$21.25, 96159=$21.25 (InvoiceBH00259 E Davis 5.20.26 630pm.pdf)
  #250 BH00259: 96158=$42.50, 96159=$21.25, 96159=$21.25 (Invoice_BH00259 E Davis 5.6.26 630pm.pdf)
  #246 BH00259: 96158=$42.50, 96159=$21.25, 96159=$21.25 (Invoice_BH00259 E Davis 4.15.26 630pm.pdf)
  #240 BH00259: 96158=$42.50, 96159=$21.25, 96159=$21.25 (Invoice BH00259 E Davis 3.18.26 630pm.pdf)
  #236 BH00259: 96158=$42.50, 96159=$21.25, 96159=$21.25 (Invoice BH00259 E Davis 3.11.26 630pm.pdf)
  #234 BH00259: 96158=$42.50, 96159=$21.25, 96159=$21.25 (Invoice BH00258 E Davis 2.25.26 630pm.pdf)
  #229 BH00259: 96158=$42.50, 96159=$21.25, 96159=$21.25 (Invoice BH00258 E Davis 2.18.26 630pm.pdf)
  #227 BH00259: 96158=$42.50, 96159=$21.25, 96159=$21.25 (Invoice_BH200258 E Davis 2.11.26 630 pm.pdf)
  #226 BH00259: 96158=$42.50, 96159=$21.25, 96159=$21.25 (Invoice BH00259 E Davis 2.4.26 630pm.pdf)
  #222 BH00259: 96158=$42.50, 96159=$21.25, 96159=$21.25 (Invoice BH00259 E Davis1.28.26  630pm.pdf)
  #219 BH00259: 96156=$85.00 (Invoice BH00259 E Harris 630 pm.pdf)
  #218 BP24936: 96158=$42.50, 96159=$21.25, 96159=$21.25 (Invoice BP24936 M Wallace 1.7.26 630pm.pdf)
  #217 BP24936: 96158=$42.50, 96159=$21.25, 96159=$21.25 (Invoice_BP24936 M Wallace 12.29.25 630pm.pdf)
  #216 BP24936: 96158=$42.50, 96159=$21.25 (Invoice_BP24936 M Wallace 12.22.25 630pm.pdf)
  #212 BP24936: 96158=$42.50 (Invoice_BP24936 M Wallace 12.19.25 600pm.pdf)
  #208 BP24936: 96158=$42.50, 96159=$21.25, 96159=$21.25 (Invoice_BP24936 M. Wallace 12.8.25 600pm.pdf)
  #202 BM49430: 96158=$42.50, 96159=$21.25, 96159=$21.25 (Invoice_BM49430 D. Anderson 11.22.25 630pm.pdf)
  #200 BM49430: 96158=$42.50, 96159=$21.25, 96159=$21.25 (Invoice_BM49430 D. Anderson 11.16.15 530pm.pdf)
  #197 BM49430: 96158=$42.50, 96159=$21.25, 96159=$21.25 (Invoice_BM49430 D. Anderson 11.10.25 600pm.pdf)
  #194 BM49430: 96158=$42.50, 96159=$21.25, 96159=$21.25 (Invoice_BM49430 D. Anderson 11.1.25 400pm.pdf)
  #192 BM49430: 96158=$42.50, 96159=$21.25, 96159=$21.25 (Invoice BM49430 D Anderon 10.25.25 230pm.pdf)
  #190 BM49430: 96158=$42.50, 96159=$21.25, 96159=$21.25 (Invoice_BM49430 D. Anderson 10.16.25 1200pm.pdf)
  #185 BM49430: 96158=$42.50, 96159=$21.25, 96159=$21.25 (Invoice_BM49430 D. Anderson 10.5.25 630pm.pdf)
  #182 BM49430: 96158=$42.50, 96159=$21.25, 96159=$21.25 (Invoice BM49430 D. Anderson 9.27.25 730pm.pdf)
  #179 BM49430: 96158=$42.50, 96159=$21.25, 96159=$21.25 (Invoice_BM49430 D Anderson 9.20.25 430pm.pdf)
  #174 BM49430: 96158=$42.50, 96159=$21.25, 96159=$21.25 (Invoice BM49430 D. Anderson 9.12.25 600pm.pdf)
  #167 BM49430: 96158=$42.50, 96159=$21.25, 96159=$21.25 (Invoice_BM49430 D.Anderson. 9.3.25 530pm.pdf)
  #164 BM49430: 96158=$42.50, 96159=$21.25, 96159=$21.25 (Invoice BM49430 D. Anderson 8.27.25 530pm.pdf)
  #159 BM49430: 96156=$85.00 (Invoice_BM49430 D. Anderson 8.20.25 530pm.pdf)
  #214 BM37705: 96158=$42.50, 96159=$21.25, 96159=$21.25 (Invoice_BM37705 M Roblando 12.21.25 330pm.pdf)
  #209 BM37705: 96158=$42.50, 96159=$21.25, 96159=$21.25 (Invoice BM37705 M Roblando 12.10.25 1230pm.pdf)
  #203 BM37705: 96158=$42.50, 96159=$21.25, 96159=$21.25 (Invoice_BM37705 M. Roblando 11.23.25 530.pdf)
  #199 BM37705: 96158=$42.50, 96159=$21.25, 96159=$21.25 (Invoice_BM37705 M Roblando 11.15.25 330pm.pdf)
  #196 BM37705: 96158=$42.50, 96159=$21.25, 96159=$21.25 (Invoice_BM37705 M. Roblando 11.3.25 600pm.pdf)
  #189 BM37705: 96158=$42.50, 96159=$21.25, 96159=$21.25 (Invoice BM37705 M Roblando 10.15.25 400pm.pdf)
  #187 BM37705: 96158=$42.50, 96159=$21.25, 96159=$21.25 (Invoice BM37705 M Roblando 10.6.2025 630pm.pdf)
  #183 BM37705: 96158=$42.50, 96159=$21.25, 96159=$21.25 (Invoice_BM37705 M Roblando 9.29.25 730pm.pdf)
  #181 BM37705: 96158=$42.50, 96159=$21.25, 96159=$21.25 (Invoice_BM37705 M. Roblando 9.24.25 230pm.pdf)
  #176 BM37705: 96158=$42.50, 96159=$21.25, 96159=$21.25 (Invoice_BM37705 M Roblando 9.15.25 630pm.pdf)
  #172 BM37705: 96158=$42.50, 96159=$21.25, 96159=$21.25 (Invoice BM37705 M Roblando 9.8.25 630pm.pdf)
  #170 BM37705: 96158=$42.50, 96159=$21.25, 96159=$21.25 (Invoice_BM37705 M Roblando 9.7.25 530pm.pdf)
  #163 BM37705: 96158=$42.50, 96159=$21.25, 96159=$21.25 (Invoice_BM37705 M. Roblando 630pm.pdf)
  #158 BM37705: 96156=$85.00 (Invoice BM37705 M. Roblando 8.18.25 630pm.pdf)
  #215 BN69737: 96158=$42.50, 96159=$21.25, 96159=$21.25 (Invoice_BN69737 E Schulze 12.22.25 530pm.pdf)
  #211 BN69737: 96158=$42.50, 96159=$21.25, 96159=$21.25 (Invoice_BN697373 E Schulze 12.14.25 230pm.pdf)
  #205 BN69737: 96158=$42.50, 96159=$21.25, 96159=$21.25 (Invoice_BN697373 E Schukze 11.30.25 600pm.pdf)
  #201 BN69737: 96158=$42.50, 96159=$21.25, 96159=$21.25 (Invoice_BN697373 E Shulze 11.17.25 730pm.pdf)
  #195 BN69737: 96158=$42.50, 96159=$21.25, 96159=$21.25 (Invoice_BN697373 E Shulze 11.3.25 1030am.pdf)
  #188 BN69737: 96158=$42.50, 96159=$21.25 (Invoice BN697373 E Schulze, 10.12.25 330pm.pdf)
  #186 BN69737: 96158=$42.50, 96159=$21.25, 96159=$21.25 (Invoice_BN697373 E Shulze 10.6.2025 1100am.pdf)
  #180 BN69737: 96158=$42.50, 96159=$21.25, 96159=$21.25 (Invoice_BN697373 E Shulze, 9.21.25 400pm.pdf)
  #175 BN69737: 96158=$42.50, 96159=$21.25, 96159=$21.25 (Invoice BN697373 E Shculze, 9.14.25 530pm.pdf)
  #171 BN69737: 96158=$42.50, 96159=$21.25, 96159=$21.25 (Invoice_BN69737 E Shulze 9.7.25 630pm.pdf)
  #166 BN69737: 96158=$42.50, 96159=$21.25, 96159=$21.25 (Invoice_BN69737 E Shulze 8.31.25 500pm.pdf)
  #157 BN69737: 96158=$42.50, 96159=$21.25, 96159=$21.25 (Invoice_BN69737 E. Shulze, 8.17.25. 630pm.pdf)
  #156 BN69737: 96158=$42.50, 96159=$21.25, 96159=$21.25 (Invoice BN69737 E. Schulze 8.13.2025 830 am.pdf)
  #153 BN69737: 96158=$42.50, 96159=$21.25, 96159=$21.25 (InvoiceBN69737 E Shulze 8.3.25 600pm.pdf)
  #151 BN69737: 96156=$85.00 (Invoice BN69737 E. Schulze 7.27.25 600pm.pdf)
  #260 BK75175: 96158=$42.50, 96159=$21.25, 96159=$21.25 (Invoice BK75175 B Sutherland 6.26.26 630pm.pdf)
  #249 BK75175: 96158=$42.50, 96159=$21.25, 96159=$21.25 (Invoice BK75175 B Sutherland 5.4.26 630pm.pdf)
  #247 BK75175: 96158=$42.50, 96159=$21.25, 96159=$21.25 (Invoice BK75175 B Sutherland 4.20.26 630pm.pdf)
  #245 BK75175: 96158=$42.50, 96159=$21.25, 96159=$21.25 (Invoice_BK75175 B Sutherland 4.13.26 630pm.pdf)
  #243 BK75175: 96158=$42.50, 96159=$21.25, 96159=$21.25 (Invoice BK75175 B Sutherland 4.6.26 630pm.pdf)
  #238 BK75175: 96158=$42.50, 96159=$21.25, 96159=$21.25 (Invoice BK75175 B Sutherland 3.15.26 300pm.pdf)
  #233 BK75175: 96158=$42.50, 96159=$21.25, 96159=$21.25 (Invoice_BK75175 B Sutherland 2,23,26 600pm.pdf)
  #213 BK75175: 96158=$42.50, 96159=$21.25, 96159=$21.25 (Invoice BK75175 B Sutherland 12.20.25 500pm.pdf)
  #206 BK75175: 96158=$42.50 (Invoice_bk75176 b Sutherland 12.6.25 1200pm.pdf)
  #198 BK75175: 96158=$42.50, 96159=$21.25, 96159=$21.25 (Invoice_BK75175 B Sutherland 11.15.25 100pm.pdf)
  #191 BK75175: 96158=$42.50, 96159=$21.25, 96159=$21.25 (invoice BK75175 B Sutherland 10.19.2025 400pm.pdf)
  #184 BK75175: 96158=$42.50, 96159=$21.25, 96159=$21.25 (Invoice_BK75175 B Sutherland 10.4.25 1230pm.pdf)
  #178 BK75175: 96158=$42.50, 96159=$21.25, 96159=$21.25 (Invoice_BK75175 B. Sutherland 9.20.25 1200pm.pdf)
  #169 BK75175: 96158=$42.50, 96159=$21.25, 96159=$21.25 (Invoice_BK75175 B Sutherland 9.6.25 10,30am.pdf)
  #165 BK75175: 96158=$42.50, 96159=$21.25, 96159=$21.25 (Invoice_BK75175 B Sutherland 8.30.25 1200pm.pdf)
  #161 BK75175: 96158=$42.50, 96159=$21.25, 96159=$21.25 (Invoice_BK75175  Sutherland 8.23.25 1200pm.pdf)
  #155 BK75175: 96158=$42.50, 96159=$21.25, 96159=$21.25 (Invoice BK75175 B Sutherland 8.8.25 600pm.pdf)
  #152 BK75175: 96158=$42.50, 96159=$21.25, 96159=$21.25 (Invoice_BK75175 B. Sutherland 8.2.25 300pm.pdf)
  #149 BK75175: 96158=$42.50, 96159=$21.25, 96159=$21.25 (Invoice_BK17515 B Sutherland 7.25.25 6;00pm.pdf)
  #147 BK75175: 96158=$42.50, 96159=$21.25, 96159=$21.25 (Invoice_BK175 B Sutherland 7.18.25 600pm.pdf)
  #143 BK75175: 96158=$42.50, 96159=$21.25, 96159=$21.25 (Invoice BK75175 B. Sutherland 7.9.25 530pm.pdf)
  #141 BK75175: 96158=$42.50, 96159=$21.25, 96159=$21.25 (Invoice_BK75175 B.Sutherland 7.2.25.pdf)
  #133 BK75175: 96158=$42.50, 96159=$21.25, 96159=$21.25 (Invoice BK75175 B, Sutherland 6.14.25 700pm.pdf)

closed: 12 client folders
  #160 BA25824: 96158=$42.50 (Invoice_BA25842 J Munoz 8.23.2025 900 am.pdf)
  #154 BA25824: 96158=$42.50 (Invoice BA25842 J Munoz 8.7.25 600pm.pdf)
  #150 BA25824: 96158=$42.50 (Invoice_BA25842 J. Munoz 72625 900am.pdf)
  #148 BA25824: 96158=$42.50 (Invoice_BA25842 J. Munoz 7.19.25 900am.pdf)
  #145 BA25824: 96158=$42.50, 96159=$21.25, 96159=$21.25 (Invoice BA25842 J. Munoz 7.12.25 900am.pdf)
  #142 BA25824: 96158=$42.50, 96159=$21.25, 96159=$21.25 (Invoice_BA25824 J Munoz 7.5.2025 900am.pdf)
  #136 BA25824: 96158=$42.50, 96159=$21.25 (Invoice BA25824 J.Munoz 6.21.15 1000 am.pdf)
  #131 BA25824: 96158=$42.50, 96159=$21.25, 96159=$21.25 (Invoice_BA25824 J Munoz 6.12.25 6;00pm.pdf)
  #127 BA25824: 96158=$42.50, 96159=$21.25, 96159=$21.25 (Invoice BA25824 J Munoz 6.5.25 6pm.pdf)
  #124 BA25824: 96156=$85.00 (Invoice_BA25824 J. Munoz 5.31.25 11;00 am.pdf)
  #146 BM17605: 96158=$42.50, 96159=$21.25, 96159=$21.25 (Invoice_T.Jones BM17605 7.16.25 630pm.pdf)
  #144 BM17605: 96158=$42.50, 96159=$21.25, 96159=$21.25 (Invoice_T.Jones BM17605 7.9.25 630pm.pdf)
  #122 BM17605: 96158=$42.50, 96159=$21.25, 96159=$21.25 (Invoice_T.Jones BM1705 6.29.25 600pm.pdf)
  #122 BM17605: 96158=$42.50, 96159=$21.25, 96159=$21.25 (Invoice_Tareyn Jones BM17605 5.28.25.pdf)
  #121 BM17605: 96158=$42.50, 96159=$21.25, 96159=$21.25 (Invoice_Tareyn Jones BM17605 5.24.25 6;00pm.pdf)
  #113 BM17605: 96156=$85.00 (Invoice_Tareyn Jones BM17605 600pm.pdf)
  #134 BL00889: 96158=$42.50, 96159=$21.25, 96159=$21.25 (Invoice_E. Pierson BL00889 5;00.pdf)
  #116 BL00889: 96156=$85.00 (Invoice_E.Pierson BL00889 7;00pm.pdf)
  #139 AW17192: 96158=$42.50, 96159=$21.25, 96159=$21.25 (InvoiceAW17192 M. Smith 6.28.2025 628.25 1000am.pdf)
  #137 AW17192: 96158=$42.50, 96159=$21.25, 96159=$21.25 (Invoice AW17192 M. Smith 6.22.2025 300pm.pdf)
  #132 AW17192: 96158=$42.50, 96159=$21.25, 96159=$21.25 (Invoice AW17192 M. Smith 6.14.2025 10 am.pdf)
  #128 AW17192: 96158=$42.50, 96159=$21.25, 96159=$21.25 (Invoice_AW17192 M. Smith 10;00am 6.7.25.pdf)
  #123 AW17192: 96158=$42.50, 96159=$21.25, 96159=$21.25 (Invoice_AW17192 Milton Smith 5.31.25.pdf)
  #119 AW17192: 96158=$42.50, 96159=$21.25 (Invoice_AW17191 Milton Smith 5.21.25.pdf)
  #117 AW17192: 96158=$42.50, 96159=$21.25, 96159=$21.25 (Invoice AW17192 Milton Smith 5.14.25.pdf)
  #108 AW17192: 96158=$42.50, 96159=$21.25, 96159=$21.25 (Invoice_4.27.25.pdf)
  #106 AW17192: 96158=$42.50, 96159=$21.25, 96159=$21.25 (Invoice 4.20.2025.pdf)
  #105 AW17192: 96158=$42.50, 96159=$21.25, 96159=$21.25 (Invoice_4.12.25.pdf)
  #101 AW17192: 96158=$42.50, 96159=$21.25, 96159=$21.25 (Invoice_4.5.25 #101.pdf)
  #100 AW17192: 96156=$85.00 (Invoice_20250403_0001.pdf)
  #138 AY83414: 96158=$42.50, 96159=$21.25, 96159=$21.25 (Invoice_AY83414 K.Pryor 6.22.25. 600pm.pdf)
  #129 AY83414: 96158=$42.50, 96159=$21.25, 96159=$21.25 (Invoice_AY83414 K. Pryor 6.9.25.pdf)
  #125 AY83414: 96158=$42.50, 96159=$21.25, 96159=$21.25 (Invoice AY83414 Ken Pryor 6.1.25 500pm.pdf)
  #120 AY83414: 96158=$42.50, 96159=$21.25, 96159=$21.25 (Invoice_Ken Pryor AY83414 5.23.2025.pdf)
  #114 AY83414: 96158=$42.50, 96159=$21.25, 96159=$21.25 (Invoice_AY83414 Ken Pryor 5.11.2025.pdf)
  #110 AY83414: 96158=$42.50, 96159=$21.25, 96159=$21.25 (Invoice AY83414 Ken Pryor 5.4.25.pdf)
  #135 BM35909: 96158=$42.50, 96159=$21.25, 96159=$21.25 (Invoice BM35909 K. Ordway 6.19.25 530.pdf)
  #129 BM35909: 96158=$42.50, 96159=$21.25, 96159=$21.25 (Invoice K.Ordway BM35909 6.9.25 5;30.pdf)
  #126 BM35909: 96158=$42.50, 96159=$21.25, 96159=$21.25 (Invoice_K.Ordway BM35909 6.2.2025 530pm.pdf)
  #118 BM35909: 96158=$42.50, 96159=$21.25, 96159=$21.25 (Invoice_BM35909 5.19.25 530.pdf)
  #115 BM35909: 96158=$42.50, 96159=$21.25, 96159=$21.25 (Invoice_K.Ordway BM35909.pdf)
  #111 BM35909: 96158=$42.50, 96159=$21.25, 96159=$21.25 (Invoice_K. Ordway 5.5.2025 530pm.pdf)
  #108 BM35909: 96158=$42.50 (Invoice Ordway 4.21.2025.pdf)
  #107 BM35909: 96158=$42.50, 96159=$21.25, 96159=$21.25 (Invoice Ordway 4.14.2025.pdf)
  #103 BM35909: 96156=$85.00 (Invoice Ordway.pdf)
  #112 BM50321: 96156=$85.00 (Invoice BM50321 Cory Burson 5.8.2025 6.30.pdf)
  #177 AZ48910: 96158=$42.50, 96159=$21.25, 96159=$21.25 (Invoice AZ48910 C Hoyt 9.17.2025 5;30 pm.pdf)
  #173 AZ48910: 96158=$42.50, 96159=$21.25, 96159=$21.25 (Invoice AZ48910 C Hoyt 9.10.2025 630pm.pdf)
  #168 AZ48910: 96156=$85.00 (Invoice_AZ48910 C. Hoyt 9.3.25. 630pm.pdf)

maria-bm08580: 1 client folders
  #259 BM08580: 96158=$42.50, 96159=$21.25, 96159=$21.25 (Invoice BM08580 6.21.26 Heather W 6.21. 26 400pm.pdf)
  #258 BM08580: 96156=$85.00 (Invoice BM08580 6.18.26 Heather W 600pm.pdf)

Parsed 153 PDFs → 150 unique invoice numbers
#107 BM35909 UPDATE 96156=$85.00 → 96158=$42.50, 96159=$21.25, 96159=$21.25
#108 BM35909 TOTAL MISMATCH — 96158=$42.50 → 96158=$42.50, 96159=$21.25, 96159=$21.25
#109 AW17192 MISSING PDF
#123 AW17192 UPDATE 96156=$85.00 → 96158=$42.50, 96159=$21.25, 96159=$21.25
#127 BA25824 UPDATE 96156=$85.00 → 96158=$42.50, 96159=$21.25, 96159=$21.25
#129 AY83414 UPDATE 96156=$85.00 → 96158=$42.50, 96159=$21.25, 96159=$21.25
#130 BM35909 MISSING PDF
#132 AW17192 UPDATE 96156=$85.00 → 96158=$42.50, 96159=$21.25, 96159=$21.25
#133 BK75175 UPDATE 96158=$85.00 → 96158=$42.50, 96159=$21.25, 96159=$21.25
#134 BL00889 UPDATE 96156=$85.00 → 96158=$42.50, 96159=$21.25, 96159=$21.25
#135 BM35909 UPDATE 96156=$85.00 → 96158=$42.50, 96159=$21.25, 96159=$21.25
#137 AW17192 UPDATE 96156=$85.00 → 96158=$42.50, 96159=$21.25, 96159=$21.25
#139 AW17192 UPDATE 96156=$85.00 → 96158=$42.50, 96159=$21.25, 96159=$21.25
#140 BM17605 MISSING PDF
#141 BK75175 UPDATE 96156=$85.00 → 96158=$42.50, 96159=$21.25, 96159=$21.25
#142 BA25824 UPDATE 96156=$85.00 → 96158=$42.50, 96159=$21.25, 96159=$21.25
#146 BM17605 UPDATE 96156=$85.00 → 96158=$42.50, 96159=$21.25, 96159=$21.25
#147 BK75175 UPDATE 96156=$85.00 → 96158=$42.50, 96159=$21.25, 96159=$21.25
#153 BN69737 UPDATE 96156=$85.00 → 96158=$42.50, 96159=$21.25, 96159=$21.25
#156 BN69737 UPDATE 96156=$85.00 → 96158=$42.50, 96159=$21.25, 96159=$21.25
#157 BN69737 UPDATE 96156=$85.00 → 96158=$42.50, 96159=$21.25, 96159=$21.25
#162 BN69737 MISSING PDF
#166 BN69737 UPDATE 96156=$85.00 → 96158=$42.50, 96159=$21.25, 96159=$21.25
#170 BM37705 UPDATE 96156=$85.00 → 96158=$42.50, 96159=$21.25, 96159=$21.25
#171 BN69737 UPDATE 96156=$85.00 → 96158=$42.50, 96159=$21.25, 96159=$21.25
#172 BM37705 UPDATE 96156=$85.00 → 96158=$42.50, 96159=$21.25, 96159=$21.25
#175 BN69737 UPDATE 96156=$85.00 → 96158=$42.50, 96159=$21.25, 96159=$21.25
#176 BM37705 UPDATE 96156=$85.00 → 96158=$42.50, 96159=$21.25, 96159=$21.25
#179 BM49430 UPDATE 96156=$85.00 → 96158=$42.50, 96159=$21.25, 96159=$21.25
#180 BN69737 UPDATE 96156=$85.00 → 96158=$42.50, 96159=$21.25, 96159=$21.25
#181 BM37705 UPDATE 96156=$85.00 → 96158=$42.50, 96159=$21.25, 96159=$21.25
#183 BM37705 UPDATE 96156=$85.00 → 96158=$42.50, 96159=$21.25, 96159=$21.25
#184 BK75175 UPDATE 96156=$85.00 → 96158=$42.50, 96159=$21.25, 96159=$21.25
#186 BN69737 UPDATE 96156=$85.00 → 96158=$42.50, 96159=$21.25, 96159=$21.25
#190 BM49430 UPDATE 96156=$85.00 → 96158=$42.50, 96159=$21.25, 96159=$21.25
#193 BM37705 MISSING PDF
#196 BM37705 UPDATE 96156=$85.00 → 96158=$42.50, 96159=$21.25, 96159=$21.25
#198 BK75175 UPDATE 96156=$85.00 → 96158=$42.50, 96159=$21.25, 96159=$21.25
#199 BM37705 UPDATE 96156=$85.00 → 96158=$42.50, 96159=$21.25, 96159=$21.25
#203 BM37705 UPDATE 96156=$85.00 → 96158=$42.50, 96159=$21.25, 96159=$21.25
#204 BP24936 MISSING PDF
#207 BM49430 MISSING PDF
#210 BM49430 MISSING PDF
#214 BM37705 UPDATE 96156=$85.00 → 96158=$42.50, 96159=$21.25, 96159=$21.25
#220 ZB62154 MISSING PDF
#221 BH00259 MISSING PDF
#222 BH00259 UPDATE 96156=$85.00 → 96158=$42.50, 96159=$21.25, 96159=$21.25
#223 ZB62154 UPDATE 96156=$85.00 → 96158=$42.50, 96159=$21.25, 96159=$21.25
#224 BK75175 MISSING PDF
#225 BP24936 MISSING PDF
#226 BH00259 UPDATE 96156=$85.00 → 96158=$42.50, 96159=$21.25, 96159=$21.25
#227 BH00259 UPDATE 96156=$85.00 → 96158=$42.50, 96159=$21.25, 96159=$21.25
#228 ZB62154 UPDATE 96156=$85.00 → 96158=$42.50, 96159=$21.25, 96159=$21.25
#229 BH00259 UPDATE 96156=$85.00 → 96158=$42.50, 96159=$21.25, 96159=$21.25
#230 ZB62154 UPDATE 96156=$85.00 → 96158=$42.50, 96159=$21.25, 96159=$21.25
#234 BH00259 UPDATE 96156=$85.00 → 96158=$42.50, 96159=$21.25, 96159=$21.25
#235 ZB62154 UPDATE 96156=$85.00 → 96158=$42.50, 96159=$21.25, 96159=$21.25
#236 BH00259 UPDATE 96156=$85.00 → 96158=$42.50, 96159=$21.25, 96159=$21.25
#237 ZB62154 UPDATE 96156=$85.00 → 96158=$42.50, 96159=$21.25, 96159=$21.25
#239 BL69750 UPDATE 96156=$85.00 → 96158=$42.50, 96159=$21.25, 96159=$21.25
#240 BH00259 UPDATE 96156=$85.00 → 96158=$42.50, 96159=$21.25, 96159=$21.25
#241 BL69750 UPDATE 96156=$85.00 → 96158=$42.50, 96159=$21.25, 96159=$21.25
#242 ZB62154 UPDATE 96156=$85.00 → 96158=$42.50, 96159=$21.25, 96159=$21.25
#244 ZB62154 UPDATE 96156=$85.00 → 96158=$42.50, 96159=$21.25, 96159=$21.25
#246 BH00259 UPDATE 96156=$85.00 → 96158=$42.50, 96159=$21.25, 96159=$21.25
#248 ZB62154 UPDATE 96156=$85.00 → 96158=$42.50, 96159=$21.25, 96159=$21.25
#250 BH00259 UPDATE 96156=$85.00 → 96158=$42.50, 96159=$21.25, 96159=$21.25
#251 BL69750 UPDATE 96156=$85.00 → 96158=$42.50, 96159=$21.25, 96159=$21.25
#252 BH00259 UPDATE 96156=$85.00 → 96158=$42.50, 96159=$21.25, 96159=$21.25
#253 ZB62154 UPDATE 96156=$85.00 → 96158=$42.50, 96159=$21.25, 96159=$21.25
#254 BH00259 UPDATE 96156=$85.00 → 96158=$42.50, 96159=$21.25, 96159=$21.25
#255 BL69750 UPDATE 96156=$85.00 → 96158=$42.50, 96159=$21.25, 96159=$21.25
#256 ZB62154 UPDATE 96156=$85.00 → 96158=$42.50, 96159=$21.25, 96159=$21.25
#257 BH00259 UPDATE 96156=$85.00 → 96158=$42.50, 96159=$21.25, 96159=$21.25
#261 BL69750 UPDATE 96156=$85.00 → 96158=$42.50, 96159=$21.25, 96159=$21.25
#262 BH00259 UPDATE 96156=$85.00 → 96158=$42.50, 96159=$21.25, 96159=$21.25
#263 ZB62154 UPDATE 96156=$85.00 → 96158=$42.50, 96159=$21.25, 96159=$21.25

Done: 64 updated, 85 already correct, 12 missing PDF, 1 total mismatches
Results: scripts/rescan-steven-invoice-line-items-results.json
